#
# There is insufficient memory for the Java Runtime Environment to continue.
# Native memory allocation (malloc) failed to allocate 1845776 bytes for Chunk::new
# Possible reasons:
#   The system is out of physical RAM or swap space
#   The process is running with CompressedOops enabled, and the Java Heap may be blocking the growth of the native heap
# Possible solutions:
#   Reduce memory load on the system
#   Increase physical memory or swap space
#   Check if swap backing store is full
#   Decrease Java heap size (-Xmx/-Xms)
#   Decrease number of Java threads
#   Decrease Java thread stack sizes (-Xss)
#   Set larger code cache with -XX:ReservedCodeCacheSize=
#   JVM is running with Unscaled Compressed Oops mode in which the Java heap is
#     placed in the first 4GB address space. The Java Heap base address is the
#     maximum limit for the native heap growth. Please use -XX:HeapBaseMinAddress
#     to set the Java Heap base and to place the Java Heap above 4GB virtual address.
# This output file may be truncated or incomplete.
#
#  Out of Memory Error (./src/hotspot/share/memory/arena.cpp:197), pid=14820, tid=19272
#
# JRE version: OpenJDK Runtime Environment (11.0.10) (build 11.0.10+0-b96-7249189)
# Java VM: OpenJDK 64-Bit Server VM (11.0.10+0-b96-7249189, mixed mode, tiered, compressed oops, g1 gc, windows-amd64)
# No core dump will be written. Minidumps are not enabled by default on client versions of Windows
#

---------------  S U M M A R Y ------------

Command Line: --add-opens=java.base/java.util=ALL-UNNAMED --add-opens=java.base/java.lang=ALL-UNNAMED --add-opens=java.base/java.lang.invoke=ALL-UNNAMED --add-opens=java.base/java.util=ALL-UNNAMED --add-opens=java.prefs/java.util.prefs=ALL-UNNAMED --add-opens=java.prefs/java.util.prefs=ALL-UNNAMED --add-opens=java.base/java.nio.charset=ALL-UNNAMED --add-opens=java.base/java.net=ALL-UNNAMED --add-opens=java.base/java.util.concurrent.atomic=ALL-UNNAMED -Xmx2048m -Dfile.encoding=UTF-8 -Duser.country=US -Duser.language=en -Duser.variant org.gradle.launcher.daemon.bootstrap.GradleDaemon 7.0.2

Host: Intel(R) Core(TM) i5-1035G1 CPU @ 1.00GHz, 8 cores, 15G,  Windows 10 , 64 bit Build 19041 (10.0.19041.1348)
Time: Wed Dec 15 23:09:52 2021 SA Pacific Standard Time elapsed time: 33.255088 seconds (0d 0h 0m 33s)

---------------  T H R E A D  ---------------

Current thread (0x0000015fe1b04000):  JavaThread "C2 CompilerThread2" daemon [_thread_in_native, id=19272, stack(0x0000003985900000,0x0000003985a00000)]


Current CompileTask:
C2:  33255 13504   !   4       java.io.ObjectOutputStream::writeOrdinaryObject (175 bytes)

Stack: [0x0000003985900000,0x0000003985a00000]
Native frames: (J=compiled Java code, j=interpreted, Vv=VM code, C=native code)
V  [jvm.dll+0x5ecfaa]
V  [jvm.dll+0x722bd5]
V  [jvm.dll+0x72412d]
V  [jvm.dll+0x7247e3]
V  [jvm.dll+0x242928]
V  [jvm.dll+0xbc4fc]
V  [jvm.dll+0xbca0c]
V  [jvm.dll+0x352d7d]
V  [jvm.dll+0x197e0c]
V  [jvm.dll+0x1fb70e]
V  [jvm.dll+0x1fa7f4]
V  [jvm.dll+0x18354c]
V  [jvm.dll+0x208ee7]
V  [jvm.dll+0x207731]
V  [jvm.dll+0x6eb1cf]
V  [jvm.dll+0x6e3d45]
V  [jvm.dll+0x5ebe96]
C  [ucrtbase.dll+0x21bb2]
C  [KERNEL32.DLL+0x17034]
C  [ntdll.dll+0x52651]


---------------  P R O C E S S  ---------------

Threads class SMR info:
_java_thread_list=0x0000015fe8b13460, length=71, elements={
0x0000015fc6a75000, 0x0000015fe1752800, 0x0000015fe1760800, 0x0000015fe17b7800,
0x0000015fe17bb800, 0x0000015fe17bc800, 0x0000015fe17bf000, 0x0000015fe17c0000,
0x0000015fe17c1800, 0x0000015fe193a000, 0x0000015fe4302000, 0x0000015fe1b16800,
0x0000015fe1eec800, 0x0000015fe399c000, 0x0000015fe3a0c000, 0x0000015fe3656800,
0x0000015fe38f6000, 0x0000015fe3924000, 0x0000015fe3f11800, 0x0000015fe3f0f800,
0x0000015fe3f14800, 0x0000015fe3f10800, 0x0000015fe3f12000, 0x0000015fe3f13000,
0x0000015fe3f0f000, 0x0000015fe3f14000, 0x0000015fe3f15800, 0x0000015fe4086000,
0x0000015fe4081000, 0x0000015fe4083800, 0x0000015fe4084800, 0x0000015fe4080800,
0x0000015fe4085800, 0x0000015fe4088000, 0x0000015fe4082000, 0x0000015fe408d800,
0x0000015fe408b000, 0x0000015fe408e800, 0x0000015fe4088800, 0x0000015fe408c000,
0x0000015fe408f000, 0x0000015fe4089800, 0x0000015fe408c800, 0x0000015fe408a000,
0x0000015fe1ffb800, 0x0000015fe1ffd000, 0x0000015fe1ffa800, 0x0000015fe2001000,
0x0000015fe2002000, 0x0000015fe74f8000, 0x0000015fe1b04000, 0x0000015fe1ffc800,
0x0000015fe2003800, 0x0000015fe2003000, 0x0000015fe1ffe000, 0x0000015fe2004800,
0x0000015fe1ffe800, 0x0000015fe2005000, 0x0000015fe1fff800, 0x0000015fe2006000,
0x0000015fe2007800, 0x0000015fe2007000, 0x0000015fe2008800, 0x0000015fe42b1800,
0x0000015fe42b6000, 0x0000015fe42b3800, 0x0000015fe42b5000, 0x0000015fe42b2800,
0x0000015fe42b0000, 0x0000015fe42b6800, 0x0000015fe42b4000
}

Java Threads: ( => current thread )
  0x0000015fc6a75000 JavaThread "main" [_thread_blocked, id=22160, stack(0x0000003982c00000,0x0000003982d00000)]
  0x0000015fe1752800 JavaThread "Reference Handler" daemon [_thread_blocked, id=15236, stack(0x0000003983300000,0x0000003983400000)]
  0x0000015fe1760800 JavaThread "Finalizer" daemon [_thread_blocked, id=9976, stack(0x0000003983400000,0x0000003983500000)]
  0x0000015fe17b7800 JavaThread "Signal Dispatcher" daemon [_thread_blocked, id=20236, stack(0x0000003983500000,0x0000003983600000)]
  0x0000015fe17bb800 JavaThread "Attach Listener" daemon [_thread_blocked, id=20632, stack(0x0000003983600000,0x0000003983700000)]
  0x0000015fe17bc800 JavaThread "Service Thread" daemon [_thread_blocked, id=21152, stack(0x0000003983700000,0x0000003983800000)]
  0x0000015fe17bf000 JavaThread "C2 CompilerThread0" daemon [_thread_in_native, id=17468, stack(0x0000003983800000,0x0000003983900000)]
  0x0000015fe17c0000 JavaThread "C1 CompilerThread0" daemon [_thread_in_native, id=18524, stack(0x0000003983900000,0x0000003983a00000)]
  0x0000015fe17c1800 JavaThread "Sweeper thread" daemon [_thread_blocked, id=2216, stack(0x0000003983a00000,0x0000003983b00000)]
  0x0000015fe193a000 JavaThread "Common-Cleaner" daemon [_thread_blocked, id=8664, stack(0x0000003983b00000,0x0000003983c00000)]
  0x0000015fe4302000 JavaThread "Daemon health stats" [_thread_blocked, id=6516, stack(0x0000003984400000,0x0000003984500000)]
  0x0000015fe1b16800 JavaThread "Incoming local TCP Connector on port 61512" [_thread_in_native, id=16436, stack(0x0000003983d00000,0x0000003983e00000)]
  0x0000015fe1eec800 JavaThread "Daemon periodic checks" [_thread_blocked, id=21108, stack(0x0000003983e00000,0x0000003983f00000)]
  0x0000015fe399c000 JavaThread "Daemon" [_thread_blocked, id=15436, stack(0x0000003984500000,0x0000003984600000)]
  0x0000015fe3a0c000 JavaThread "Handler for socket connection from /127.0.0.1:61512 to /127.0.0.1:61513" [_thread_in_native, id=8564, stack(0x0000003984600000,0x0000003984700000)]
  0x0000015fe3656800 JavaThread "Cancel handler" [_thread_blocked, id=19996, stack(0x0000003984700000,0x0000003984800000)]
  0x0000015fe38f6000 JavaThread "Daemon worker" [_thread_blocked, id=8992, stack(0x0000003984800000,0x0000003984900000)]
  0x0000015fe3924000 JavaThread "Asynchronous log dispatcher for DefaultDaemonConnection: socket connection from /127.0.0.1:61512 to /127.0.0.1:61513" [_thread_blocked, id=5988, stack(0x0000003984900000,0x0000003984a00000)]
  0x0000015fe3f11800 JavaThread "Stdin handler" [_thread_blocked, id=17556, stack(0x0000003984a00000,0x0000003984b00000)]
  0x0000015fe3f0f800 JavaThread "Daemon client event forwarder" [_thread_blocked, id=12116, stack(0x0000003984b00000,0x0000003984c00000)]
  0x0000015fe3f14800 JavaThread "Cache worker for file hash cache (C:\Users\hp\.gradle\caches\7.0.2\fileHashes)" [_thread_blocked, id=18132, stack(0x0000003984c00000,0x0000003984d00000)]
  0x0000015fe3f10800 JavaThread "File lock request listener" [_thread_in_native, id=20800, stack(0x0000003984d00000,0x0000003984e00000)]
  0x0000015fe3f12000 JavaThread "Cache worker for journal cache (C:\Users\hp\.gradle\caches\journal-1)" [_thread_blocked, id=10732, stack(0x0000003985100000,0x0000003985200000)]
  0x0000015fe3f13000 JavaThread "Cache worker for file hash cache (C:\Traveler\.gradle\7.0.2\fileHashes)" [_thread_blocked, id=17720, stack(0x0000003985200000,0x0000003985300000)]
  0x0000015fe3f0f000 JavaThread "File watcher server" daemon [_thread_in_native, id=6332, stack(0x0000003985300000,0x0000003985400000)]
  0x0000015fe3f14000 JavaThread "File watcher consumer" daemon [_thread_blocked, id=20808, stack(0x0000003985400000,0x0000003985500000)]
  0x0000015fe3f15800 JavaThread "Cache worker for checksums cache (C:\Traveler\.gradle\checksums)" [_thread_blocked, id=3652, stack(0x0000003985500000,0x0000003985600000)]
  0x0000015fe4086000 JavaThread "Cache worker for cache directory md-supplier (C:\Users\hp\.gradle\caches\7.0.2\md-supplier)" [_thread_blocked, id=9400, stack(0x0000003985600000,0x0000003985700000)]
  0x0000015fe4081000 JavaThread "Cache worker for cache directory md-rule (C:\Users\hp\.gradle\caches\7.0.2\md-rule)" [_thread_blocked, id=14144, stack(0x0000003985800000,0x0000003985900000)]
  0x0000015fe4083800 JavaThread "Cache worker for execution history cache (C:\Users\hp\.gradle\caches\7.0.2\executionHistory)" [_thread_blocked, id=3856, stack(0x0000003985a00000,0x0000003985b00000)]
  0x0000015fe4084800 JavaThread "jar transforms" [_thread_blocked, id=15308, stack(0x0000003985b00000,0x0000003985c00000)]
  0x0000015fe4080800 JavaThread "jar transforms Thread 2" [_thread_blocked, id=22288, stack(0x0000003985c00000,0x0000003985d00000)]
  0x0000015fe4085800 JavaThread "Cache worker for file content cache (C:\Users\hp\.gradle\caches\7.0.2\fileContent)" [_thread_blocked, id=21200, stack(0x0000003985d00000,0x0000003985e00000)]
  0x0000015fe4088000 JavaThread "Cache worker for dependencies-accessors (C:\Traveler\.gradle\7.0.2\dependencies-accessors)" [_thread_blocked, id=18692, stack(0x0000003985e00000,0x0000003985f00000)]
  0x0000015fe4082000 JavaThread "jar transforms Thread 3" [_thread_blocked, id=21496, stack(0x0000003985f00000,0x0000003986000000)]
  0x0000015fe408d800 JavaThread "Cache worker for Build Output Cleanup Cache (C:\Traveler\.gradle\buildOutputCleanup)" [_thread_blocked, id=1936, stack(0x0000003986000000,0x0000003986100000)]
  0x0000015fe408b000 JavaThread "Build operations" [_thread_blocked, id=9120, stack(0x0000003986100000,0x0000003986200000)]
  0x0000015fe408e800 JavaThread "Build operations Thread 2" [_thread_blocked, id=22464, stack(0x0000003986200000,0x0000003986300000)]
  0x0000015fe4088800 JavaThread "Build operations Thread 3" [_thread_in_native, id=17944, stack(0x0000003986300000,0x0000003986400000)]
  0x0000015fe408c000 JavaThread "Build operations Thread 4" [_thread_in_Java, id=9984, stack(0x0000003986400000,0x0000003986500000)]
  0x0000015fe408f000 JavaThread "Build operations Thread 5" [_thread_blocked, id=9272, stack(0x0000003986500000,0x0000003986600000)]
  0x0000015fe4089800 JavaThread "Build operations Thread 6" [_thread_blocked, id=4604, stack(0x0000003986600000,0x0000003986700000)]
  0x0000015fe408c800 JavaThread "Build operations Thread 7" [_thread_in_native, id=18056, stack(0x0000003986700000,0x0000003986800000)]
  0x0000015fe408a000 JavaThread "Build operations Thread 8" [_thread_blocked, id=4584, stack(0x0000003986800000,0x0000003986900000)]
  0x0000015fe1ffb800 JavaThread "jar transforms Thread 4" [_thread_blocked, id=1564, stack(0x0000003986900000,0x0000003986a00000)]
  0x0000015fe1ffd000 JavaThread "jar transforms Thread 5" [_thread_blocked, id=20328, stack(0x0000003986a00000,0x0000003986b00000)]
  0x0000015fe1ffa800 JavaThread "jar transforms Thread 6" [_thread_blocked, id=10948, stack(0x0000003986b00000,0x0000003986c00000)]
  0x0000015fe2001000 JavaThread "jar transforms Thread 7" [_thread_blocked, id=11396, stack(0x0000003986c00000,0x0000003986d00000)]
  0x0000015fe2002000 JavaThread "jar transforms Thread 8" [_thread_blocked, id=15008, stack(0x0000003986d00000,0x0000003986e00000)]
  0x0000015fe74f8000 JavaThread "C2 CompilerThread1" daemon [_thread_in_native, id=16424, stack(0x0000003985700000,0x0000003985800000)]
=>0x0000015fe1b04000 JavaThread "C2 CompilerThread2" daemon [_thread_in_native, id=19272, stack(0x0000003985900000,0x0000003985a00000)]
  0x0000015fe1ffc800 JavaThread "Memory manager" [_thread_blocked, id=21016, stack(0x0000003986e00000,0x0000003986f00000)]
  0x0000015fe2003800 JavaThread "build event listener" [_thread_blocked, id=9344, stack(0x0000003986f00000,0x0000003987000000)]
  0x0000015fe2003000 JavaThread "pool-3-thread-1" [_thread_blocked, id=17068, stack(0x0000003987000000,0x0000003987100000)]
  0x0000015fe1ffe000 JavaThread "build event listener" [_thread_blocked, id=18320, stack(0x0000003987100000,0x0000003987200000)]
  0x0000015fe2004800 JavaThread "Execution worker for ':'" [_thread_blocked, id=20836, stack(0x0000003987200000,0x0000003987300000)]
  0x0000015fe1ffe800 JavaThread "Execution worker for ':' Thread 2" [_thread_blocked, id=2464, stack(0x0000003987300000,0x0000003987400000)]
  0x0000015fe2005000 JavaThread "Execution worker for ':' Thread 3" [_thread_blocked, id=18012, stack(0x0000003987400000,0x0000003987500000)]
  0x0000015fe1fff800 JavaThread "Execution worker for ':' Thread 4" [_thread_blocked, id=2920, stack(0x0000003987500000,0x0000003987600000)]
  0x0000015fe2006000 JavaThread "Execution worker for ':' Thread 5" [_thread_blocked, id=16536, stack(0x0000003987600000,0x0000003987700000)]
  0x0000015fe2007800 JavaThread "Execution worker for ':' Thread 6" [_thread_blocked, id=20272, stack(0x0000003987700000,0x0000003987800000)]
  0x0000015fe2007000 JavaThread "Execution worker for ':' Thread 7" [_thread_blocked, id=5692, stack(0x0000003987800000,0x0000003987900000)]
  0x0000015fe2008800 JavaThread "Cache worker for execution history cache (C:\Traveler\.gradle\7.0.2\executionHistory)" [_thread_blocked, id=13556, stack(0x0000003987900000,0x0000003987a00000)]
  0x0000015fe42b1800 JavaThread "WorkerExecutor Queue Thread 2" [_thread_blocked, id=13924, stack(0x0000003987b00000,0x0000003987c00000)]
  0x0000015fe42b6000 JavaThread "WorkerExecutor Queue Thread 3" [_thread_blocked, id=15432, stack(0x0000003987c00000,0x0000003987d00000)]
  0x0000015fe42b3800 JavaThread "WorkerExecutor Queue Thread 4" [_thread_blocked, id=16040, stack(0x0000003987a00000,0x0000003987b00000)]
  0x0000015fe42b5000 JavaThread "WorkerExecutor Queue Thread 5" [_thread_blocked, id=21084, stack(0x0000003987d00000,0x0000003987e00000)]
  0x0000015fe42b2800 JavaThread "WorkerExecutor Queue Thread 6" [_thread_blocked, id=9904, stack(0x0000003987e00000,0x0000003987f00000)]
  0x0000015fe42b0000 JavaThread "WorkerExecutor Queue Thread 7" [_thread_blocked, id=1316, stack(0x0000003987f00000,0x0000003988000000)]
  0x0000015fe42b6800 JavaThread "WorkerExecutor Queue Thread 8" [_thread_blocked, id=6376, stack(0x0000003988000000,0x0000003988100000)]
  0x0000015fe42b4000 JavaThread "WorkerExecutor Queue Thread 9" [_thread_blocked, id=11948, stack(0x0000003988100000,0x0000003988200000)]

Other Threads:
  0x0000015fe1751000 VMThread "VM Thread" [stack: 0x0000003983200000,0x0000003983300000] [id=21268]
  0x0000015fe1963000 WatcherThread [stack: 0x0000003983c00000,0x0000003983d00000] [id=10656]
  0x0000015fc6a86800 GCTaskThread "GC Thread#0" [stack: 0x0000003982d00000,0x0000003982e00000] [id=21012]
  0x0000015fe2267800 GCTaskThread "GC Thread#1" [stack: 0x0000003983f00000,0x0000003984000000] [id=1524]
  0x0000015fe1d7e000 GCTaskThread "GC Thread#2" [stack: 0x0000003984000000,0x0000003984100000] [id=20508]
  0x0000015fe2c7c800 GCTaskThread "GC Thread#3" [stack: 0x0000003984100000,0x0000003984200000] [id=19220]
  0x0000015fe2e8e800 GCTaskThread "GC Thread#4" [stack: 0x0000003984200000,0x0000003984300000] [id=960]
  0x0000015fe26c1800 GCTaskThread "GC Thread#5" [stack: 0x0000003984300000,0x0000003984400000] [id=2348]
  0x0000015fe4957000 GCTaskThread "GC Thread#6" [stack: 0x0000003984e00000,0x0000003984f00000] [id=7856]
  0x0000015fe381b000 GCTaskThread "GC Thread#7" [stack: 0x0000003984f00000,0x0000003985000000] [id=18388]
  0x0000015fc6ab8800 ConcurrentGCThread "G1 Main Marker" [stack: 0x0000003982e00000,0x0000003982f00000] [id=18840]
  0x0000015fc6aba000 ConcurrentGCThread "G1 Conc#0" [stack: 0x0000003982f00000,0x0000003983000000] [id=21428]
  0x0000015fe4178800 ConcurrentGCThread "G1 Conc#1" [stack: 0x0000003985000000,0x0000003985100000] [id=20644]
  0x0000015fe0d99000 ConcurrentGCThread "G1 Refine#0" [stack: 0x0000003983000000,0x0000003983100000] [id=18732]
  0x0000015fe0d9a000 ConcurrentGCThread "G1 Young RemSet Sampling" [stack: 0x0000003983100000,0x0000003983200000] [id=21544]

Threads with active compile tasks:
C2 CompilerThread0  33300 13495       4       org.gradle.internal.instantiation.generator.AbstractClassGenerator$PropertyMetadata::hasAnnotation (40 bytes)
C2 CompilerThread1  33300 13708 %     4       com.android.tools.r8.graph.c0::a @ 4 (89 bytes)
C2 CompilerThread2  33301 13504   !   4       java.io.ObjectOutputStream::writeOrdinaryObject (175 bytes)

VM state:not at safepoint (normal execution)

VM Mutex/Monitor currently owned by a thread: None

OutOfMemory and StackOverflow Exception counts:
OutOfMemoryError java_heap_errors=1
LinkageErrors=138

Heap address: 0x0000000080000000, size: 2048 MB, Compressed Oops mode: 32-bit
Narrow klass base: 0x0000000000000000, Narrow klass shift: 3
Compressed class space size: 1073741824 Address: 0x0000000100000000

Heap:
 garbage-first heap   total 260096K, used 149295K [0x0000000080000000, 0x0000000100000000)
  region size 1024K, 64 young (65536K), 6 survivors (6144K)
 Metaspace       used 97226K, capacity 99749K, committed 99916K, reserved 1136640K
  class space    used 12199K, capacity 13100K, committed 13132K, reserved 1048576K
Heap Regions: E=young(eden), S=young(survivor), O=old, HS=humongous(starts), HC=humongous(continues), CS=collection set, F=free, A=archive, TAMS=top-at-mark-start (previous, next)
|   0|0x0000000080000000, 0x0000000080100000, 0x0000000080100000|100%| O|  |TAMS 0x0000000080100000, 0x0000000080000000| Untracked 
|   1|0x0000000080100000, 0x0000000080200000, 0x0000000080200000|100%| O|  |TAMS 0x0000000080200000, 0x0000000080100000| Untracked 
|   2|0x0000000080200000, 0x0000000080300000, 0x0000000080300000|100%| O|  |TAMS 0x0000000080300000, 0x0000000080200000| Untracked 
|   3|0x0000000080300000, 0x0000000080400000, 0x0000000080400000|100%|HS|  |TAMS 0x0000000080400000, 0x0000000080300000| Complete 
|   4|0x0000000080400000, 0x0000000080500000, 0x0000000080500000|100%|HC|  |TAMS 0x0000000080500000, 0x0000000080400000| Complete 
|   5|0x0000000080500000, 0x0000000080600000, 0x0000000080600000|100%|HC|  |TAMS 0x0000000080600000, 0x0000000080500000| Complete 
|   6|0x0000000080600000, 0x0000000080700000, 0x0000000080700000|100%| O|  |TAMS 0x0000000080700000, 0x0000000080600000| Untracked 
|   7|0x0000000080700000, 0x0000000080800000, 0x0000000080800000|100%| O|  |TAMS 0x0000000080800000, 0x0000000080700000| Untracked 
|   8|0x0000000080800000, 0x0000000080900000, 0x0000000080900000|100%| O|  |TAMS 0x0000000080900000, 0x0000000080800000| Untracked 
|   9|0x0000000080900000, 0x0000000080a00000, 0x0000000080a00000|100%| O|  |TAMS 0x0000000080a00000, 0x0000000080900000| Untracked 
|  10|0x0000000080a00000, 0x0000000080b00000, 0x0000000080b00000|100%| O|  |TAMS 0x0000000080b00000, 0x0000000080a00000| Untracked 
|  11|0x0000000080b00000, 0x0000000080c00000, 0x0000000080c00000|100%| O|  |TAMS 0x0000000080c00000, 0x0000000080b00000| Untracked 
|  12|0x0000000080c00000, 0x0000000080d00000, 0x0000000080d00000|100%| O|  |TAMS 0x0000000080d00000, 0x0000000080c00000| Untracked 
|  13|0x0000000080d00000, 0x0000000080e00000, 0x0000000080e00000|100%| O|  |TAMS 0x0000000080e00000, 0x0000000080d00000| Untracked 
|  14|0x0000000080e00000, 0x0000000080f00000, 0x0000000080f00000|100%| O|  |TAMS 0x0000000080f00000, 0x0000000080e00000| Untracked 
|  15|0x0000000080f00000, 0x0000000081000000, 0x0000000081000000|100%| O|  |TAMS 0x0000000081000000, 0x0000000080f00000| Untracked 
|  16|0x0000000081000000, 0x0000000081100000, 0x0000000081100000|100%| O|  |TAMS 0x0000000081100000, 0x0000000081000000| Untracked 
|  17|0x0000000081100000, 0x0000000081200000, 0x0000000081200000|100%|HS|  |TAMS 0x0000000081200000, 0x0000000081100000| Complete 
|  18|0x0000000081200000, 0x0000000081300000, 0x0000000081300000|100%|HS|  |TAMS 0x0000000081300000, 0x0000000081200000| Complete 
|  19|0x0000000081300000, 0x0000000081400000, 0x0000000081400000|100%|HS|  |TAMS 0x0000000081400000, 0x0000000081300000| Complete 
|  20|0x0000000081400000, 0x0000000081500000, 0x0000000081500000|100%|HC|  |TAMS 0x0000000081500000, 0x0000000081400000| Complete 
|  21|0x0000000081500000, 0x0000000081600000, 0x0000000081600000|100%| O|  |TAMS 0x0000000081600000, 0x0000000081500000| Untracked 
|  22|0x0000000081600000, 0x0000000081700000, 0x0000000081700000|100%| O|  |TAMS 0x0000000081700000, 0x0000000081600000| Untracked 
|  23|0x0000000081700000, 0x0000000081800000, 0x0000000081800000|100%| O|  |TAMS 0x0000000081800000, 0x0000000081700000| Untracked 
|  24|0x0000000081800000, 0x0000000081900000, 0x0000000081900000|100%| O|  |TAMS 0x0000000081900000, 0x0000000081800000| Untracked 
|  25|0x0000000081900000, 0x0000000081a00000, 0x0000000081a00000|100%| O|  |TAMS 0x0000000081a00000, 0x0000000081900000| Untracked 
|  26|0x0000000081a00000, 0x0000000081b00000, 0x0000000081b00000|100%| O|  |TAMS 0x0000000081b00000, 0x0000000081a00000| Untracked 
|  27|0x0000000081b00000, 0x0000000081c00000, 0x0000000081c00000|100%| O|  |TAMS 0x0000000081c00000, 0x0000000081b00000| Untracked 
|  28|0x0000000081c00000, 0x0000000081d00000, 0x0000000081d00000|100%| O|  |TAMS 0x0000000081d00000, 0x0000000081c00000| Untracked 
|  29|0x0000000081d00000, 0x0000000081e00000, 0x0000000081e00000|100%| O|  |TAMS 0x0000000081e00000, 0x0000000081d00000| Untracked 
|  30|0x0000000081e00000, 0x0000000081f00000, 0x0000000081f00000|100%| O|  |TAMS 0x0000000081f00000, 0x0000000081e00000| Untracked 
|  31|0x0000000081f00000, 0x0000000082000000, 0x0000000082000000|100%| O|  |TAMS 0x0000000082000000, 0x0000000081f00000| Untracked 
|  32|0x0000000082000000, 0x0000000082100000, 0x0000000082100000|100%| O|  |TAMS 0x0000000082100000, 0x0000000082000000| Untracked 
|  33|0x0000000082100000, 0x0000000082200000, 0x0000000082200000|100%| O|  |TAMS 0x0000000082200000, 0x0000000082100000| Untracked 
|  34|0x0000000082200000, 0x0000000082300000, 0x0000000082300000|100%| O|  |TAMS 0x0000000082300000, 0x0000000082200000| Untracked 
|  35|0x0000000082300000, 0x0000000082400000, 0x0000000082400000|100%| O|  |TAMS 0x0000000082400000, 0x0000000082300000| Untracked 
|  36|0x0000000082400000, 0x0000000082500000, 0x0000000082500000|100%| O|  |TAMS 0x0000000082500000, 0x0000000082400000| Untracked 
|  37|0x0000000082500000, 0x0000000082600000, 0x0000000082600000|100%| O|  |TAMS 0x0000000082600000, 0x0000000082500000| Untracked 
|  38|0x0000000082600000, 0x0000000082700000, 0x0000000082700000|100%| O|  |TAMS 0x0000000082700000, 0x0000000082600000| Untracked 
|  39|0x0000000082700000, 0x0000000082800000, 0x0000000082800000|100%| O|  |TAMS 0x0000000082800000, 0x0000000082700000| Untracked 
|  40|0x0000000082800000, 0x0000000082900000, 0x0000000082900000|100%| O|  |TAMS 0x0000000082900000, 0x0000000082800000| Untracked 
|  41|0x0000000082900000, 0x0000000082a00000, 0x0000000082a00000|100%| O|  |TAMS 0x0000000082a00000, 0x0000000082900000| Untracked 
|  42|0x0000000082a00000, 0x0000000082b00000, 0x0000000082b00000|100%| O|  |TAMS 0x0000000082a00000, 0x0000000082a00000| Untracked 
|  43|0x0000000082b00000, 0x0000000082c00000, 0x0000000082c00000|100%| O|  |TAMS 0x0000000082b00000, 0x0000000082b00000| Untracked 
|  44|0x0000000082c00000, 0x0000000082d00000, 0x0000000082d00000|100%| O|  |TAMS 0x0000000082c00000, 0x0000000082c00000| Untracked 
|  45|0x0000000082d00000, 0x0000000082e00000, 0x0000000082e00000|100%| O|  |TAMS 0x0000000082d00000, 0x0000000082d00000| Untracked 
|  46|0x0000000082e00000, 0x0000000082f00000, 0x0000000082f00000|100%| O|  |TAMS 0x0000000082e00000, 0x0000000082e00000| Untracked 
|  47|0x0000000082f00000, 0x0000000083000000, 0x0000000083000000|100%| O|  |TAMS 0x0000000082f00000, 0x0000000082f00000| Untracked 
|  48|0x0000000083000000, 0x0000000083100000, 0x0000000083100000|100%| O|  |TAMS 0x0000000083000000, 0x0000000083000000| Untracked 
|  49|0x0000000083100000, 0x0000000083200000, 0x0000000083200000|100%| O|  |TAMS 0x0000000083100000, 0x0000000083100000| Untracked 
|  50|0x0000000083200000, 0x0000000083300000, 0x0000000083300000|100%| O|  |TAMS 0x0000000083200000, 0x0000000083200000| Untracked 
|  51|0x0000000083300000, 0x0000000083400000, 0x0000000083400000|100%| O|  |TAMS 0x0000000083300000, 0x0000000083300000| Untracked 
|  52|0x0000000083400000, 0x0000000083500000, 0x0000000083500000|100%| O|  |TAMS 0x0000000083400000, 0x0000000083400000| Untracked 
|  53|0x0000000083500000, 0x0000000083600000, 0x0000000083600000|100%| O|  |TAMS 0x0000000083500000, 0x0000000083500000| Untracked 
|  54|0x0000000083600000, 0x0000000083600000, 0x0000000083700000|  0%| F|  |TAMS 0x0000000083600000, 0x0000000083600000| Untracked 
|  55|0x0000000083700000, 0x0000000083800000, 0x0000000083800000|100%| O|  |TAMS 0x0000000083700000, 0x0000000083700000| Untracked 
|  56|0x0000000083800000, 0x0000000083900000, 0x0000000083900000|100%|HS|  |TAMS 0x0000000083800000, 0x0000000083800000| Complete 
|  57|0x0000000083900000, 0x0000000083900000, 0x0000000083a00000|  0%| F|  |TAMS 0x0000000083900000, 0x0000000083900000| Untracked 
|  58|0x0000000083a00000, 0x0000000083a00000, 0x0000000083b00000|  0%| F|  |TAMS 0x0000000083a00000, 0x0000000083a00000| Untracked 
|  59|0x0000000083b00000, 0x0000000083b00000, 0x0000000083c00000|  0%| F|  |TAMS 0x0000000083b00000, 0x0000000083b00000| Untracked 
|  60|0x0000000083c00000, 0x0000000083c00000, 0x0000000083d00000|  0%| F|  |TAMS 0x0000000083c00000, 0x0000000083c00000| Untracked 
|  61|0x0000000083d00000, 0x0000000083d00000, 0x0000000083e00000|  0%| F|  |TAMS 0x0000000083d00000, 0x0000000083d00000| Untracked 
|  62|0x0000000083e00000, 0x0000000083e00000, 0x0000000083f00000|  0%| F|  |TAMS 0x0000000083e00000, 0x0000000083e00000| Untracked 
|  63|0x0000000083f00000, 0x0000000083f00000, 0x0000000084000000|  0%| F|  |TAMS 0x0000000083f00000, 0x0000000083f00000| Untracked 
|  64|0x0000000084000000, 0x0000000084000000, 0x0000000084100000|  0%| F|  |TAMS 0x0000000084000000, 0x0000000084000000| Untracked 
|  65|0x0000000084100000, 0x0000000084200000, 0x0000000084200000|100%| O|  |TAMS 0x0000000084100000, 0x0000000084100000| Untracked 
|  66|0x0000000084200000, 0x0000000084300000, 0x0000000084300000|100%| O|  |TAMS 0x0000000084200000, 0x0000000084200000| Untracked 
|  67|0x0000000084300000, 0x0000000084400000, 0x0000000084400000|100%| O|  |TAMS 0x0000000084300000, 0x0000000084300000| Untracked 
|  68|0x0000000084400000, 0x0000000084500000, 0x0000000084500000|100%| O|  |TAMS 0x0000000084400000, 0x0000000084400000| Untracked 
|  69|0x0000000084500000, 0x0000000084600000, 0x0000000084600000|100%| O|  |TAMS 0x0000000084500000, 0x0000000084500000| Untracked 
|  70|0x0000000084600000, 0x0000000084700000, 0x0000000084700000|100%| O|  |TAMS 0x0000000084600000, 0x0000000084600000| Untracked 
|  71|0x0000000084700000, 0x0000000084800000, 0x0000000084800000|100%| O|  |TAMS 0x0000000084700000, 0x0000000084700000| Untracked 
|  72|0x0000000084800000, 0x0000000084900000, 0x0000000084900000|100%| O|  |TAMS 0x0000000084800000, 0x0000000084800000| Untracked 
|  73|0x0000000084900000, 0x0000000084a00000, 0x0000000084a00000|100%| O|  |TAMS 0x0000000084900000, 0x0000000084900000| Untracked 
|  74|0x0000000084a00000, 0x0000000084b00000, 0x0000000084b00000|100%| O|  |TAMS 0x0000000084a00000, 0x0000000084a00000| Untracked 
|  75|0x0000000084b00000, 0x0000000084c00000, 0x0000000084c00000|100%| O|  |TAMS 0x0000000084b00000, 0x0000000084b00000| Untracked 
|  76|0x0000000084c00000, 0x0000000084d00000, 0x0000000084d00000|100%| O|  |TAMS 0x0000000084c00000, 0x0000000084c00000| Untracked 
|  77|0x0000000084d00000, 0x0000000084d00000, 0x0000000084e00000|  0%| F|  |TAMS 0x0000000084d00000, 0x0000000084d00000| Untracked 
|  78|0x0000000084e00000, 0x0000000084e00000, 0x0000000084f00000|  0%| F|  |TAMS 0x0000000084e00000, 0x0000000084e00000| Untracked 
|  79|0x0000000084f00000, 0x0000000084f00000, 0x0000000085000000|  0%| F|  |TAMS 0x0000000084f00000, 0x0000000084f00000| Untracked 
|  80|0x0000000085000000, 0x0000000085000000, 0x0000000085100000|  0%| F|  |TAMS 0x0000000085000000, 0x0000000085000000| Untracked 
|  81|0x0000000085100000, 0x0000000085100000, 0x0000000085200000|  0%| F|  |TAMS 0x0000000085100000, 0x0000000085100000| Untracked 
|  82|0x0000000085200000, 0x0000000085200000, 0x0000000085300000|  0%| F|  |TAMS 0x0000000085200000, 0x0000000085200000| Untracked 
|  83|0x0000000085300000, 0x0000000085400000, 0x0000000085400000|100%| O|  |TAMS 0x0000000085300000, 0x0000000085300000| Untracked 
|  84|0x0000000085400000, 0x0000000085500000, 0x0000000085500000|100%| O|  |TAMS 0x0000000085400000, 0x0000000085400000| Untracked 
|  85|0x0000000085500000, 0x0000000085600000, 0x0000000085600000|100%| O|  |TAMS 0x0000000085500000, 0x0000000085500000| Untracked 
|  86|0x0000000085600000, 0x0000000085700000, 0x0000000085700000|100%| O|  |TAMS 0x0000000085600000, 0x0000000085600000| Untracked 
|  87|0x0000000085700000, 0x0000000085800000, 0x0000000085800000|100%| O|  |TAMS 0x0000000085700000, 0x0000000085700000| Untracked 
|  88|0x0000000085800000, 0x0000000085900000, 0x0000000085900000|100%| O|  |TAMS 0x0000000085800000, 0x0000000085800000| Untracked 
|  89|0x0000000085900000, 0x0000000085a00000, 0x0000000085a00000|100%| O|  |TAMS 0x0000000085900000, 0x0000000085900000| Untracked 
|  90|0x0000000085a00000, 0x0000000085b00000, 0x0000000085b00000|100%| O|  |TAMS 0x0000000085a00000, 0x0000000085a00000| Untracked 
|  91|0x0000000085b00000, 0x0000000085c00000, 0x0000000085c00000|100%| O|  |TAMS 0x0000000085b00000, 0x0000000085b00000| Untracked 
|  92|0x0000000085c00000, 0x0000000085d00000, 0x0000000085d00000|100%| O|  |TAMS 0x0000000085c00000, 0x0000000085c00000| Untracked 
|  93|0x0000000085d00000, 0x0000000085e00000, 0x0000000085e00000|100%| O|  |TAMS 0x0000000085d00000, 0x0000000085d00000| Untracked 
|  94|0x0000000085e00000, 0x0000000085f00000, 0x0000000085f00000|100%| O|  |TAMS 0x0000000085e00000, 0x0000000085e00000| Untracked 
|  95|0x0000000085f00000, 0x0000000085f00000, 0x0000000086000000|  0%| F|  |TAMS 0x0000000085f00000, 0x0000000085f00000| Untracked 
|  96|0x0000000086000000, 0x0000000086000000, 0x0000000086100000|  0%| F|  |TAMS 0x0000000086000000, 0x0000000086000000| Untracked 
|  97|0x0000000086100000, 0x0000000086100000, 0x0000000086200000|  0%| F|  |TAMS 0x0000000086100000, 0x0000000086100000| Untracked 
|  98|0x0000000086200000, 0x0000000086200000, 0x0000000086300000|  0%| F|  |TAMS 0x0000000086200000, 0x0000000086200000| Untracked 
|  99|0x0000000086300000, 0x0000000086300000, 0x0000000086400000|  0%| F|  |TAMS 0x0000000086300000, 0x0000000086300000| Untracked 
| 100|0x0000000086400000, 0x0000000086400000, 0x0000000086500000|  0%| F|  |TAMS 0x0000000086400000, 0x0000000086400000| Untracked 
| 101|0x0000000086500000, 0x0000000086500000, 0x0000000086600000|  0%| F|  |TAMS 0x0000000086500000, 0x0000000086500000| Untracked 
| 102|0x0000000086600000, 0x0000000086600000, 0x0000000086700000|  0%| F|  |TAMS 0x0000000086600000, 0x0000000086600000| Untracked 
| 103|0x0000000086700000, 0x0000000086700000, 0x0000000086800000|  0%| F|  |TAMS 0x0000000086700000, 0x0000000086700000| Untracked 
| 104|0x0000000086800000, 0x0000000086800000, 0x0000000086900000|  0%| F|  |TAMS 0x0000000086800000, 0x0000000086800000| Untracked 
| 105|0x0000000086900000, 0x0000000086900000, 0x0000000086a00000|  0%| F|  |TAMS 0x0000000086900000, 0x0000000086900000| Untracked 
| 106|0x0000000086a00000, 0x0000000086a00000, 0x0000000086b00000|  0%| F|  |TAMS 0x0000000086a00000, 0x0000000086a00000| Untracked 
| 107|0x0000000086b00000, 0x0000000086b00000, 0x0000000086c00000|  0%| F|  |TAMS 0x0000000086b00000, 0x0000000086b00000| Untracked 
| 108|0x0000000086c00000, 0x0000000086d00000, 0x0000000086d00000|100%| O|  |TAMS 0x0000000086c00000, 0x0000000086c00000| Untracked 
| 109|0x0000000086d00000, 0x0000000086e00000, 0x0000000086e00000|100%| O|  |TAMS 0x0000000086d00000, 0x0000000086d00000| Untracked 
| 110|0x0000000086e00000, 0x0000000086f00000, 0x0000000086f00000|100%| O|  |TAMS 0x0000000086e00000, 0x0000000086e00000| Untracked 
| 111|0x0000000086f00000, 0x0000000086fcbc00, 0x0000000087000000| 79%| O|  |TAMS 0x0000000086f00000, 0x0000000086f00000| Untracked 
| 112|0x0000000087000000, 0x0000000087000000, 0x0000000087100000|  0%| F|  |TAMS 0x0000000087000000, 0x0000000087000000| Untracked 
| 113|0x0000000087100000, 0x0000000087100000, 0x0000000087200000|  0%| F|  |TAMS 0x0000000087100000, 0x0000000087100000| Untracked 
| 114|0x0000000087200000, 0x0000000087200000, 0x0000000087300000|  0%| F|  |TAMS 0x0000000087200000, 0x0000000087200000| Untracked 
| 115|0x0000000087300000, 0x0000000087300000, 0x0000000087400000|  0%| F|  |TAMS 0x0000000087300000, 0x0000000087300000| Untracked 
| 116|0x0000000087400000, 0x0000000087400000, 0x0000000087500000|  0%| F|  |TAMS 0x0000000087400000, 0x0000000087400000| Untracked 
| 117|0x0000000087500000, 0x0000000087500000, 0x0000000087600000|  0%| F|  |TAMS 0x0000000087500000, 0x0000000087500000| Untracked 
| 118|0x0000000087600000, 0x0000000087600000, 0x0000000087700000|  0%| F|  |TAMS 0x0000000087600000, 0x0000000087600000| Untracked 
| 119|0x0000000087700000, 0x0000000087700000, 0x0000000087800000|  0%| F|  |TAMS 0x0000000087700000, 0x0000000087700000| Untracked 
| 120|0x0000000087800000, 0x0000000087800000, 0x0000000087900000|  0%| F|  |TAMS 0x0000000087800000, 0x0000000087800000| Untracked 
| 121|0x0000000087900000, 0x0000000087900000, 0x0000000087a00000|  0%| F|  |TAMS 0x0000000087900000, 0x0000000087900000| Untracked 
| 122|0x0000000087a00000, 0x0000000087a00000, 0x0000000087b00000|  0%| F|  |TAMS 0x0000000087a00000, 0x0000000087a00000| Untracked 
| 123|0x0000000087b00000, 0x0000000087b00000, 0x0000000087c00000|  0%| F|  |TAMS 0x0000000087b00000, 0x0000000087b00000| Untracked 
| 124|0x0000000087c00000, 0x0000000087c00000, 0x0000000087d00000|  0%| F|  |TAMS 0x0000000087c00000, 0x0000000087c00000| Untracked 
| 125|0x0000000087d00000, 0x0000000087d00000, 0x0000000087e00000|  0%| F|  |TAMS 0x0000000087d00000, 0x0000000087d00000| Untracked 
| 126|0x0000000087e00000, 0x0000000087e00000, 0x0000000087f00000|  0%| F|  |TAMS 0x0000000087e00000, 0x0000000087e00000| Untracked 
| 127|0x0000000087f00000, 0x0000000087f00000, 0x0000000088000000|  0%| F|  |TAMS 0x0000000087f00000, 0x0000000087f00000| Untracked 
| 128|0x0000000088000000, 0x0000000088000000, 0x0000000088100000|  0%| F|  |TAMS 0x0000000088000000, 0x0000000088000000| Untracked 
| 129|0x0000000088100000, 0x0000000088100000, 0x0000000088200000|  0%| F|  |TAMS 0x0000000088100000, 0x0000000088100000| Untracked 
| 130|0x0000000088200000, 0x0000000088200000, 0x0000000088300000|  0%| F|  |TAMS 0x0000000088200000, 0x0000000088200000| Untracked 
| 131|0x0000000088300000, 0x0000000088300000, 0x0000000088400000|  0%| F|  |TAMS 0x0000000088300000, 0x0000000088300000| Untracked 
| 132|0x0000000088400000, 0x0000000088400000, 0x0000000088500000|  0%| F|  |TAMS 0x0000000088400000, 0x0000000088400000| Untracked 
| 133|0x0000000088500000, 0x0000000088600000, 0x0000000088600000|100%| S|CS|TAMS 0x0000000088500000, 0x0000000088500000| Complete 
| 134|0x0000000088600000, 0x0000000088700000, 0x0000000088700000|100%| S|CS|TAMS 0x0000000088600000, 0x0000000088600000| Complete 
| 135|0x0000000088700000, 0x0000000088800000, 0x0000000088800000|100%| S|CS|TAMS 0x0000000088700000, 0x0000000088700000| Complete 
| 136|0x0000000088800000, 0x0000000088800000, 0x0000000088900000|  0%| F|  |TAMS 0x0000000088800000, 0x0000000088800000| Untracked 
| 137|0x0000000088900000, 0x0000000088900000, 0x0000000088a00000|  0%| F|  |TAMS 0x0000000088900000, 0x0000000088900000| Untracked 
| 138|0x0000000088a00000, 0x0000000088a00000, 0x0000000088b00000|  0%| F|  |TAMS 0x0000000088a00000, 0x0000000088a00000| Untracked 
| 139|0x0000000088b00000, 0x0000000088b00000, 0x0000000088c00000|  0%| F|  |TAMS 0x0000000088b00000, 0x0000000088b00000| Untracked 
| 140|0x0000000088c00000, 0x0000000088c00000, 0x0000000088d00000|  0%| F|  |TAMS 0x0000000088c00000, 0x0000000088c00000| Untracked 
| 141|0x0000000088d00000, 0x0000000088e00000, 0x0000000088e00000|100%| S|CS|TAMS 0x0000000088d00000, 0x0000000088d00000| Complete 
| 142|0x0000000088e00000, 0x0000000088f00000, 0x0000000088f00000|100%| S|CS|TAMS 0x0000000088e00000, 0x0000000088e00000| Complete 
| 143|0x0000000088f00000, 0x0000000089000000, 0x0000000089000000|100%| S|CS|TAMS 0x0000000088f00000, 0x0000000088f00000| Complete 
| 144|0x0000000089000000, 0x0000000089000000, 0x0000000089100000|  0%| F|  |TAMS 0x0000000089000000, 0x0000000089000000| Untracked 
| 145|0x0000000089100000, 0x0000000089100000, 0x0000000089200000|  0%| F|  |TAMS 0x0000000089100000, 0x0000000089100000| Untracked 
| 146|0x0000000089200000, 0x0000000089200000, 0x0000000089300000|  0%| F|  |TAMS 0x0000000089200000, 0x0000000089200000| Untracked 
| 147|0x0000000089300000, 0x0000000089300000, 0x0000000089400000|  0%| F|  |TAMS 0x0000000089300000, 0x0000000089300000| Untracked 
| 148|0x0000000089400000, 0x0000000089400000, 0x0000000089500000|  0%| F|  |TAMS 0x0000000089400000, 0x0000000089400000| Untracked 
| 149|0x0000000089500000, 0x0000000089500000, 0x0000000089600000|  0%| F|  |TAMS 0x0000000089500000, 0x0000000089500000| Untracked 
| 150|0x0000000089600000, 0x0000000089600000, 0x0000000089700000|  0%| F|  |TAMS 0x0000000089600000, 0x0000000089600000| Untracked 
| 151|0x0000000089700000, 0x0000000089700000, 0x0000000089800000|  0%| F|  |TAMS 0x0000000089700000, 0x0000000089700000| Untracked 
| 152|0x0000000089800000, 0x0000000089800000, 0x0000000089900000|  0%| F|  |TAMS 0x0000000089800000, 0x0000000089800000| Untracked 
| 153|0x0000000089900000, 0x0000000089900000, 0x0000000089a00000|  0%| F|  |TAMS 0x0000000089900000, 0x0000000089900000| Untracked 
| 154|0x0000000089a00000, 0x0000000089a00000, 0x0000000089b00000|  0%| F|  |TAMS 0x0000000089a00000, 0x0000000089a00000| Untracked 
| 155|0x0000000089b00000, 0x0000000089b00000, 0x0000000089c00000|  0%| F|  |TAMS 0x0000000089b00000, 0x0000000089b00000| Untracked 
| 156|0x0000000089c00000, 0x0000000089c00000, 0x0000000089d00000|  0%| F|  |TAMS 0x0000000089c00000, 0x0000000089c00000| Untracked 
| 157|0x0000000089d00000, 0x0000000089d00000, 0x0000000089e00000|  0%| F|  |TAMS 0x0000000089d00000, 0x0000000089d00000| Untracked 
| 158|0x0000000089e00000, 0x0000000089e00000, 0x0000000089f00000|  0%| F|  |TAMS 0x0000000089e00000, 0x0000000089e00000| Untracked 
| 159|0x0000000089f00000, 0x0000000089f00000, 0x000000008a000000|  0%| F|  |TAMS 0x0000000089f00000, 0x0000000089f00000| Untracked 
| 160|0x000000008a000000, 0x000000008a000000, 0x000000008a100000|  0%| F|  |TAMS 0x000000008a000000, 0x000000008a000000| Untracked 
| 161|0x000000008a100000, 0x000000008a100000, 0x000000008a200000|  0%| F|  |TAMS 0x000000008a100000, 0x000000008a100000| Untracked 
| 162|0x000000008a200000, 0x000000008a200000, 0x000000008a300000|  0%| F|  |TAMS 0x000000008a200000, 0x000000008a200000| Untracked 
| 163|0x000000008a300000, 0x000000008a300000, 0x000000008a400000|  0%| F|  |TAMS 0x000000008a300000, 0x000000008a300000| Untracked 
| 164|0x000000008a400000, 0x000000008a400000, 0x000000008a500000|  0%| F|  |TAMS 0x000000008a400000, 0x000000008a400000| Untracked 
| 165|0x000000008a500000, 0x000000008a500000, 0x000000008a600000|  0%| F|  |TAMS 0x000000008a500000, 0x000000008a500000| Untracked 
| 166|0x000000008a600000, 0x000000008a600000, 0x000000008a700000|  0%| F|  |TAMS 0x000000008a600000, 0x000000008a600000| Untracked 
| 167|0x000000008a700000, 0x000000008a700000, 0x000000008a800000|  0%| F|  |TAMS 0x000000008a700000, 0x000000008a700000| Untracked 
| 168|0x000000008a800000, 0x000000008a800000, 0x000000008a900000|  0%| F|  |TAMS 0x000000008a800000, 0x000000008a800000| Untracked 
| 169|0x000000008a900000, 0x000000008a900000, 0x000000008aa00000|  0%| F|  |TAMS 0x000000008a900000, 0x000000008a900000| Untracked 
| 170|0x000000008aa00000, 0x000000008aa00000, 0x000000008ab00000|  0%| F|  |TAMS 0x000000008aa00000, 0x000000008aa00000| Untracked 
| 171|0x000000008ab00000, 0x000000008ab00000, 0x000000008ac00000|  0%| F|  |TAMS 0x000000008ab00000, 0x000000008ab00000| Untracked 
| 172|0x000000008ac00000, 0x000000008ac00000, 0x000000008ad00000|  0%| F|  |TAMS 0x000000008ac00000, 0x000000008ac00000| Untracked 
| 173|0x000000008ad00000, 0x000000008ad00000, 0x000000008ae00000|  0%| F|  |TAMS 0x000000008ad00000, 0x000000008ad00000| Untracked 
| 174|0x000000008ae00000, 0x000000008ae00000, 0x000000008af00000|  0%| F|  |TAMS 0x000000008ae00000, 0x000000008ae00000| Untracked 
| 175|0x000000008af00000, 0x000000008af00000, 0x000000008b000000|  0%| F|  |TAMS 0x000000008af00000, 0x000000008af00000| Untracked 
| 176|0x000000008b000000, 0x000000008b000000, 0x000000008b100000|  0%| F|  |TAMS 0x000000008b000000, 0x000000008b000000| Untracked 
| 177|0x000000008b100000, 0x000000008b100000, 0x000000008b200000|  0%| F|  |TAMS 0x000000008b100000, 0x000000008b100000| Untracked 
| 178|0x000000008b200000, 0x000000008b200000, 0x000000008b300000|  0%| F|  |TAMS 0x000000008b200000, 0x000000008b200000| Untracked 
| 179|0x000000008b300000, 0x000000008b300000, 0x000000008b400000|  0%| F|  |TAMS 0x000000008b300000, 0x000000008b300000| Untracked 
| 180|0x000000008b400000, 0x000000008b400000, 0x000000008b500000|  0%| F|  |TAMS 0x000000008b400000, 0x000000008b400000| Untracked 
| 181|0x000000008b500000, 0x000000008b500000, 0x000000008b600000|  0%| F|  |TAMS 0x000000008b500000, 0x000000008b500000| Untracked 
| 182|0x000000008b600000, 0x000000008b600000, 0x000000008b700000|  0%| F|  |TAMS 0x000000008b600000, 0x000000008b600000| Untracked 
| 183|0x000000008b700000, 0x000000008b700000, 0x000000008b800000|  0%| F|  |TAMS 0x000000008b700000, 0x000000008b700000| Untracked 
| 184|0x000000008b800000, 0x000000008b800000, 0x000000008b900000|  0%| F|  |TAMS 0x000000008b800000, 0x000000008b800000| Untracked 
| 185|0x000000008b900000, 0x000000008b900000, 0x000000008ba00000|  0%| F|  |TAMS 0x000000008b900000, 0x000000008b900000| Untracked 
| 186|0x000000008ba00000, 0x000000008ba00000, 0x000000008bb00000|  0%| F|  |TAMS 0x000000008ba00000, 0x000000008ba00000| Untracked 
| 187|0x000000008bb00000, 0x000000008bb00000, 0x000000008bc00000|  0%| F|  |TAMS 0x000000008bb00000, 0x000000008bb00000| Untracked 
| 188|0x000000008bc00000, 0x000000008bc00000, 0x000000008bd00000|  0%| F|  |TAMS 0x000000008bc00000, 0x000000008bc00000| Untracked 
| 189|0x000000008bd00000, 0x000000008bd00000, 0x000000008be00000|  0%| F|  |TAMS 0x000000008bd00000, 0x000000008bd00000| Untracked 
| 190|0x000000008be00000, 0x000000008be00000, 0x000000008bf00000|  0%| F|  |TAMS 0x000000008be00000, 0x000000008be00000| Untracked 
| 191|0x000000008bf00000, 0x000000008bf00000, 0x000000008c000000|  0%| F|  |TAMS 0x000000008bf00000, 0x000000008bf00000| Untracked 
| 192|0x000000008c000000, 0x000000008c000000, 0x000000008c100000|  0%| F|  |TAMS 0x000000008c000000, 0x000000008c000000| Untracked 
| 193|0x000000008c100000, 0x000000008c100000, 0x000000008c200000|  0%| F|  |TAMS 0x000000008c100000, 0x000000008c100000| Untracked 
| 194|0x000000008c200000, 0x000000008c200000, 0x000000008c300000|  0%| F|  |TAMS 0x000000008c200000, 0x000000008c200000| Untracked 
| 195|0x000000008c300000, 0x000000008c300000, 0x000000008c400000|  0%| F|  |TAMS 0x000000008c300000, 0x000000008c300000| Untracked 
| 196|0x000000008c400000, 0x000000008c4ad058, 0x000000008c500000| 67%| E|  |TAMS 0x000000008c400000, 0x000000008c400000| Complete 
| 197|0x000000008c500000, 0x000000008c600000, 0x000000008c600000|100%| E|CS|TAMS 0x000000008c500000, 0x000000008c500000| Complete 
| 198|0x000000008c600000, 0x000000008c700000, 0x000000008c700000|100%| E|CS|TAMS 0x000000008c600000, 0x000000008c600000| Complete 
| 199|0x000000008c700000, 0x000000008c800000, 0x000000008c800000|100%| E|CS|TAMS 0x000000008c700000, 0x000000008c700000| Complete 
| 200|0x000000008c800000, 0x000000008c900000, 0x000000008c900000|100%| E|CS|TAMS 0x000000008c800000, 0x000000008c800000| Complete 
| 201|0x000000008c900000, 0x000000008ca00000, 0x000000008ca00000|100%| E|  |TAMS 0x000000008c900000, 0x000000008c900000| Complete 
| 202|0x000000008ca00000, 0x000000008cb00000, 0x000000008cb00000|100%| E|CS|TAMS 0x000000008ca00000, 0x000000008ca00000| Complete 
| 203|0x000000008cb00000, 0x000000008cc00000, 0x000000008cc00000|100%| E|CS|TAMS 0x000000008cb00000, 0x000000008cb00000| Complete 
| 204|0x000000008cc00000, 0x000000008cd00000, 0x000000008cd00000|100%| E|CS|TAMS 0x000000008cc00000, 0x000000008cc00000| Complete 
| 205|0x000000008cd00000, 0x000000008ce00000, 0x000000008ce00000|100%| E|CS|TAMS 0x000000008cd00000, 0x000000008cd00000| Complete 
| 206|0x000000008ce00000, 0x000000008cf00000, 0x000000008cf00000|100%| E|CS|TAMS 0x000000008ce00000, 0x000000008ce00000| Complete 
| 207|0x000000008cf00000, 0x000000008d000000, 0x000000008d000000|100%| E|CS|TAMS 0x000000008cf00000, 0x000000008cf00000| Complete 
| 208|0x000000008d000000, 0x000000008d100000, 0x000000008d100000|100%| E|CS|TAMS 0x000000008d000000, 0x000000008d000000| Complete 
| 209|0x000000008d100000, 0x000000008d200000, 0x000000008d200000|100%| E|CS|TAMS 0x000000008d100000, 0x000000008d100000| Complete 
| 210|0x000000008d200000, 0x000000008d300000, 0x000000008d300000|100%| E|CS|TAMS 0x000000008d200000, 0x000000008d200000| Complete 
| 211|0x000000008d300000, 0x000000008d400000, 0x000000008d400000|100%| E|CS|TAMS 0x000000008d300000, 0x000000008d300000| Complete 
| 212|0x000000008d400000, 0x000000008d500000, 0x000000008d500000|100%| E|CS|TAMS 0x000000008d400000, 0x000000008d400000| Complete 
| 213|0x000000008d500000, 0x000000008d600000, 0x000000008d600000|100%| E|CS|TAMS 0x000000008d500000, 0x000000008d500000| Complete 
| 214|0x000000008d600000, 0x000000008d700000, 0x000000008d700000|100%| E|CS|TAMS 0x000000008d600000, 0x000000008d600000| Complete 
| 215|0x000000008d700000, 0x000000008d800000, 0x000000008d800000|100%| E|CS|TAMS 0x000000008d700000, 0x000000008d700000| Complete 
| 216|0x000000008d800000, 0x000000008d900000, 0x000000008d900000|100%| E|CS|TAMS 0x000000008d800000, 0x000000008d800000| Complete 
| 217|0x000000008d900000, 0x000000008da00000, 0x000000008da00000|100%| E|CS|TAMS 0x000000008d900000, 0x000000008d900000| Complete 
| 218|0x000000008da00000, 0x000000008db00000, 0x000000008db00000|100%| E|CS|TAMS 0x000000008da00000, 0x000000008da00000| Complete 
| 219|0x000000008db00000, 0x000000008dc00000, 0x000000008dc00000|100%| E|CS|TAMS 0x000000008db00000, 0x000000008db00000| Complete 
| 220|0x000000008dc00000, 0x000000008dd00000, 0x000000008dd00000|100%| E|CS|TAMS 0x000000008dc00000, 0x000000008dc00000| Complete 
| 221|0x000000008dd00000, 0x000000008de00000, 0x000000008de00000|100%| E|CS|TAMS 0x000000008dd00000, 0x000000008dd00000| Complete 
| 222|0x000000008de00000, 0x000000008df00000, 0x000000008df00000|100%| E|CS|TAMS 0x000000008de00000, 0x000000008de00000| Complete 
| 223|0x000000008df00000, 0x000000008e000000, 0x000000008e000000|100%| E|CS|TAMS 0x000000008df00000, 0x000000008df00000| Complete 
| 224|0x000000008e000000, 0x000000008e100000, 0x000000008e100000|100%| E|CS|TAMS 0x000000008e000000, 0x000000008e000000| Complete 
| 225|0x000000008e100000, 0x000000008e200000, 0x000000008e200000|100%| E|CS|TAMS 0x000000008e100000, 0x000000008e100000| Complete 
| 226|0x000000008e200000, 0x000000008e300000, 0x000000008e300000|100%| E|CS|TAMS 0x000000008e200000, 0x000000008e200000| Complete 
| 227|0x000000008e300000, 0x000000008e400000, 0x000000008e400000|100%| E|CS|TAMS 0x000000008e300000, 0x000000008e300000| Complete 
| 228|0x000000008e400000, 0x000000008e500000, 0x000000008e500000|100%| E|CS|TAMS 0x000000008e400000, 0x000000008e400000| Complete 
| 229|0x000000008e500000, 0x000000008e600000, 0x000000008e600000|100%| E|CS|TAMS 0x000000008e500000, 0x000000008e500000| Complete 
| 230|0x000000008e600000, 0x000000008e700000, 0x000000008e700000|100%| E|CS|TAMS 0x000000008e600000, 0x000000008e600000| Complete 
| 231|0x000000008e700000, 0x000000008e800000, 0x000000008e800000|100%| E|CS|TAMS 0x000000008e700000, 0x000000008e700000| Complete 
| 232|0x000000008e800000, 0x000000008e900000, 0x000000008e900000|100%| E|CS|TAMS 0x000000008e800000, 0x000000008e800000| Complete 
| 233|0x000000008e900000, 0x000000008ea00000, 0x000000008ea00000|100%| E|CS|TAMS 0x000000008e900000, 0x000000008e900000| Complete 
| 234|0x000000008ea00000, 0x000000008eb00000, 0x000000008eb00000|100%| E|CS|TAMS 0x000000008ea00000, 0x000000008ea00000| Complete 
| 235|0x000000008eb00000, 0x000000008ec00000, 0x000000008ec00000|100%| E|CS|TAMS 0x000000008eb00000, 0x000000008eb00000| Complete 
| 236|0x000000008ec00000, 0x000000008ed00000, 0x000000008ed00000|100%| E|CS|TAMS 0x000000008ec00000, 0x000000008ec00000| Complete 
| 237|0x000000008ed00000, 0x000000008ee00000, 0x000000008ee00000|100%| E|CS|TAMS 0x000000008ed00000, 0x000000008ed00000| Complete 
| 238|0x000000008ee00000, 0x000000008ef00000, 0x000000008ef00000|100%| E|CS|TAMS 0x000000008ee00000, 0x000000008ee00000| Complete 
| 239|0x000000008ef00000, 0x000000008f000000, 0x000000008f000000|100%| E|CS|TAMS 0x000000008ef00000, 0x000000008ef00000| Complete 
| 240|0x000000008f000000, 0x000000008f100000, 0x000000008f100000|100%| E|CS|TAMS 0x000000008f000000, 0x000000008f000000| Complete 
| 241|0x000000008f100000, 0x000000008f200000, 0x000000008f200000|100%| E|CS|TAMS 0x000000008f100000, 0x000000008f100000| Complete 
| 242|0x000000008f200000, 0x000000008f300000, 0x000000008f300000|100%| E|CS|TAMS 0x000000008f200000, 0x000000008f200000| Complete 
| 243|0x000000008f300000, 0x000000008f400000, 0x000000008f400000|100%| E|CS|TAMS 0x000000008f300000, 0x000000008f300000| Complete 
| 244|0x000000008f400000, 0x000000008f500000, 0x000000008f500000|100%| E|CS|TAMS 0x000000008f400000, 0x000000008f400000| Complete 
| 245|0x000000008f500000, 0x000000008f600000, 0x000000008f600000|100%| E|CS|TAMS 0x000000008f500000, 0x000000008f500000| Complete 
| 246|0x000000008f600000, 0x000000008f700000, 0x000000008f700000|100%| E|CS|TAMS 0x000000008f600000, 0x000000008f600000| Complete 
| 247|0x000000008f700000, 0x000000008f800000, 0x000000008f800000|100%| E|CS|TAMS 0x000000008f700000, 0x000000008f700000| Complete 
| 248|0x000000008f800000, 0x000000008f900000, 0x000000008f900000|100%| E|CS|TAMS 0x000000008f800000, 0x000000008f800000| Complete 
| 249|0x000000008f900000, 0x000000008fa00000, 0x000000008fa00000|100%| E|CS|TAMS 0x000000008f900000, 0x000000008f900000| Complete 
| 250|0x000000008fa00000, 0x000000008fb00000, 0x000000008fb00000|100%| E|CS|TAMS 0x000000008fa00000, 0x000000008fa00000| Complete 
| 251|0x000000008fb00000, 0x000000008fc00000, 0x000000008fc00000|100%| E|CS|TAMS 0x000000008fb00000, 0x000000008fb00000| Complete 
| 252|0x000000008fc00000, 0x000000008fd00000, 0x000000008fd00000|100%| E|CS|TAMS 0x000000008fc00000, 0x000000008fc00000| Complete 
| 253|0x000000008fd00000, 0x000000008fe00000, 0x000000008fe00000|100%| E|CS|TAMS 0x000000008fd00000, 0x000000008fd00000| Complete 

Card table byte_map: [0x0000015fd9c90000,0x0000015fda090000] _byte_map_base: 0x0000015fd9890000

Marking Bits (Prev, Next): (CMBitMap*) 0x0000015fc6aafba0, (CMBitMap*) 0x0000015fc6aafb68
 Prev Bits: [0x0000015fdc490000, 0x0000015fde490000)
 Next Bits: [0x0000015fda490000, 0x0000015fdc490000)

Polling page: 0x0000015fc4a80000

Metaspace:

Usage:
  Non-class:     84.68 MB capacity,    83.06 MB ( 98%) used,     1.34 MB (  2%) free+waste,   280.56 KB ( <1%) overhead. 
      Class:     12.79 MB capacity,    11.92 MB ( 93%) used,   769.20 KB (  6%) free+waste,   125.44 KB ( <1%) overhead. 
       Both:     97.48 MB capacity,    94.98 MB ( 97%) used,     2.10 MB (  2%) free+waste,   406.00 KB ( <1%) overhead. 

Virtual space:
  Non-class space:       86.00 MB reserved,      84.75 MB ( 99%) committed 
      Class space:        1.00 GB reserved,      12.82 MB (  1%) committed 
             Both:        1.08 GB reserved,      97.57 MB (  9%) committed 

Chunk freelists:
   Non-Class:  5.00 KB
       Class:  19.00 KB
        Both:  24.00 KB

MaxMetaspaceSize: 17179869184.00 GB
CompressedClassSpaceSize: 1.00 GB

CodeHeap 'non-profiled nmethods': size=120000Kb used=9028Kb max_used=9028Kb free=110971Kb
 bounds [0x0000015fd2030000, 0x0000015fd2910000, 0x0000015fd9560000]
CodeHeap 'profiled nmethods': size=120000Kb used=29870Kb max_used=29870Kb free=90130Kb
 bounds [0x0000015fcab00000, 0x0000015fcc830000, 0x0000015fd2030000]
CodeHeap 'non-nmethods': size=5760Kb used=2311Kb max_used=2372Kb free=3449Kb
 bounds [0x0000015fca560000, 0x0000015fca7d0000, 0x0000015fcab00000]
 total_blobs=14423 nmethods=13514 adapters=820
 compilation: enabled
              stopped_count=0, restarted_count=0
 full_count=0

Compilation events (20 events):
Event: 33.237 Thread 0x0000015fe17c0000 13698       3       com.android.tools.r8.graph.c0::a (258 bytes)
Event: 33.238 Thread 0x0000015fe17c0000 nmethod 13698 0x0000015fcc816190 code [0x0000015fcc8163c0, 0x0000015fcc816cc8]
Event: 33.238 Thread 0x0000015fe17c0000 13696       3       com.android.tools.r8.graph.e0::hashCode (8 bytes)
Event: 33.238 Thread 0x0000015fe17c0000 nmethod 13696 0x0000015fcc817010 code [0x0000015fcc8171c0, 0x0000015fcc8172e8]
Event: 33.238 Thread 0x0000015fe17c0000 13693       3       com.android.tools.r8.graph.a0::<init> (19 bytes)
Event: 33.239 Thread 0x0000015fe17c0000 nmethod 13693 0x0000015fcc817390 code [0x0000015fcc817560, 0x0000015fcc8178f8]
Event: 33.239 Thread 0x0000015fe17c0000 13697       3       com.android.tools.r8.graph.T::a (23 bytes)
Event: 33.239 Thread 0x0000015fe17c0000 nmethod 13697 0x0000015fcc817a90 code [0x0000015fcc817c80, 0x0000015fcc8181e8]
Event: 33.239 Thread 0x0000015fe17c0000 13692       3       com.android.tools.r8.graph.e0::<init> (36 bytes)
Event: 33.240 Thread 0x0000015fe17c0000 nmethod 13692 0x0000015fcc818410 code [0x0000015fcc8185e0, 0x0000015fcc818818]
Event: 33.240 Thread 0x0000015fe17c0000 13699       3       com.android.tools.r8.graph.T::a (35 bytes)
Event: 33.240 Thread 0x0000015fe17c0000 nmethod 13699 0x0000015fcc818910 code [0x0000015fcc818ae0, 0x0000015fcc818d98]
Event: 33.240 Thread 0x0000015fe17c0000 13700       3       com.android.tools.r8.graph.X::<init> (71 bytes)
Event: 33.243 Thread 0x0000015fe17c0000 nmethod 13700 0x0000015fcc818f10 code [0x0000015fcc819280, 0x0000015fcc81a3f8]
Event: 33.243 Thread 0x0000015fe17c0000 13701       3       com.android.tools.r8.graph.a0::F (30 bytes)
Event: 33.243 Thread 0x0000015fe17c0000 nmethod 13701 0x0000015fcc81ab90 code [0x0000015fcc81ad80, 0x0000015fcc81afc8]
Event: 33.243 Thread 0x0000015fe17c0000 13702  s    3       com.android.tools.r8.graph.T::c (6 bytes)
Event: 33.244 Thread 0x0000015fe17c0000 nmethod 13702 0x0000015fcc81b190 code [0x0000015fcc81b340, 0x0000015fcc81b5e8]
Event: 33.244 Thread 0x0000015fe17c0000 13703       3       com.android.tools.r8.graph.e0::equals (37 bytes)
Event: 33.244 Thread 0x0000015fe17c0000 nmethod 13703 0x0000015fcc81b690 code [0x0000015fcc81b860, 0x0000015fcc81bc48]

GC Heap History (20 events):
Event: 7.497 GC heap before
{Heap before GC invocations=4 (full 0):
 garbage-first heap   total 260096K, used 93358K [0x0000000080000000, 0x0000000100000000)
  region size 1024K, 76 young (77824K), 2 survivors (2048K)
 Metaspace       used 35043K, capacity 35830K, committed 35840K, reserved 1081344K
  class space    used 4544K, capacity 4864K, committed 4864K, reserved 1048576K
}
Event: 7.508 GC heap after
{Heap after GC invocations=5 (full 0):
 garbage-first heap   total 260096K, used 22487K [0x0000000080000000, 0x0000000100000000)
  region size 1024K, 6 young (6144K), 6 survivors (6144K)
 Metaspace       used 35043K, capacity 35830K, committed 35840K, reserved 1081344K
  class space    used 4544K, capacity 4864K, committed 4864K, reserved 1048576K
}
Event: 9.612 GC heap before
{Heap before GC invocations=6 (full 0):
 garbage-first heap   total 260096K, used 132055K [0x0000000080000000, 0x0000000100000000)
  region size 1024K, 110 young (112640K), 6 survivors (6144K)
 Metaspace       used 43674K, capacity 44764K, committed 44876K, reserved 1087488K
  class space    used 5590K, capacity 5935K, committed 5964K, reserved 1048576K
}
Event: 9.628 GC heap after
{Heap after GC invocations=7 (full 0):
 garbage-first heap   total 260096K, used 28777K [0x0000000080000000, 0x0000000100000000)
  region size 1024K, 12 young (12288K), 12 survivors (12288K)
 Metaspace       used 43674K, capacity 44764K, committed 44876K, reserved 1087488K
  class space    used 5590K, capacity 5935K, committed 5964K, reserved 1048576K
}
Event: 13.755 GC heap before
{Heap before GC invocations=7 (full 0):
 garbage-first heap   total 260096K, used 165993K [0x0000000080000000, 0x0000000100000000)
  region size 1024K, 142 young (145408K), 12 survivors (12288K)
 Metaspace       used 56766K, capacity 58220K, committed 58444K, reserved 1099776K
  class space    used 7155K, capacity 7669K, committed 7756K, reserved 1048576K
}
Event: 13.780 GC heap after
{Heap after GC invocations=8 (full 0):
 garbage-first heap   total 260096K, used 43795K [0x0000000080000000, 0x0000000100000000)
  region size 1024K, 18 young (18432K), 18 survivors (18432K)
 Metaspace       used 56766K, capacity 58220K, committed 58444K, reserved 1099776K
  class space    used 7155K, capacity 7669K, committed 7756K, reserved 1048576K
}
Event: 14.067 GC heap before
{Heap before GC invocations=8 (full 0):
 garbage-first heap   total 260096K, used 54035K [0x0000000080000000, 0x0000000100000000)
  region size 1024K, 29 young (29696K), 18 survivors (18432K)
 Metaspace       used 58640K, capacity 60161K, committed 60236K, reserved 1101824K
  class space    used 7419K, capacity 7975K, committed 8012K, reserved 1048576K
}
Event: 14.102 GC heap after
{Heap after GC invocations=9 (full 0):
 garbage-first heap   total 260096K, used 45369K [0x0000000080000000, 0x0000000100000000)
  region size 1024K, 3 young (3072K), 3 survivors (3072K)
 Metaspace       used 58640K, capacity 60161K, committed 60236K, reserved 1101824K
  class space    used 7419K, capacity 7975K, committed 8012K, reserved 1048576K
}
Event: 17.715 GC heap before
{Heap before GC invocations=10 (full 0):
 garbage-first heap   total 260096K, used 193849K [0x0000000080000000, 0x0000000100000000)
  region size 1024K, 148 young (151552K), 3 survivors (3072K)
 Metaspace       used 71651K, capacity 73402K, committed 73676K, reserved 1114112K
  class space    used 9276K, capacity 9900K, committed 9932K, reserved 1048576K
}
Event: 17.729 GC heap after
{Heap after GC invocations=11 (full 0):
 garbage-first heap   total 260096K, used 54992K [0x0000000080000000, 0x0000000100000000)
  region size 1024K, 12 young (12288K), 12 survivors (12288K)
 Metaspace       used 71651K, capacity 73402K, committed 73676K, reserved 1114112K
  class space    used 9276K, capacity 9900K, committed 9932K, reserved 1048576K
}
Event: 21.623 GC heap before
{Heap before GC invocations=11 (full 0):
 garbage-first heap   total 260096K, used 193232K [0x0000000080000000, 0x0000000100000000)
  region size 1024K, 148 young (151552K), 12 survivors (12288K)
 Metaspace       used 82336K, capacity 84611K, committed 84812K, reserved 1122304K
  class space    used 10682K, capacity 11512K, committed 11596K, reserved 1048576K
}
Event: 21.643 GC heap after
{Heap after GC invocations=12 (full 0):
 garbage-first heap   total 260096K, used 64960K [0x0000000080000000, 0x0000000100000000)
  region size 1024K, 10 young (10240K), 10 survivors (10240K)
 Metaspace       used 82336K, capacity 84611K, committed 84812K, reserved 1122304K
  class space    used 10682K, capacity 11512K, committed 11596K, reserved 1048576K
}
Event: 26.597 GC heap before
{Heap before GC invocations=12 (full 0):
 garbage-first heap   total 260096K, used 209344K [0x0000000080000000, 0x0000000100000000)
  region size 1024K, 141 young (144384K), 10 survivors (10240K)
 Metaspace       used 84440K, capacity 86651K, committed 86732K, reserved 1124352K
  class space    used 10860K, capacity 11678K, committed 11724K, reserved 1048576K
}
Event: 26.630 GC heap after
{Heap after GC invocations=13 (full 0):
 garbage-first heap   total 260096K, used 87040K [0x0000000080000000, 0x0000000100000000)
  region size 1024K, 18 young (18432K), 18 survivors (18432K)
 Metaspace       used 84440K, capacity 86651K, committed 86732K, reserved 1124352K
  class space    used 10860K, capacity 11678K, committed 11724K, reserved 1048576K
}
Event: 28.101 GC heap before
{Heap before GC invocations=13 (full 0):
 garbage-first heap   total 260096K, used 210944K [0x0000000080000000, 0x0000000100000000)
  region size 1024K, 125 young (128000K), 18 survivors (18432K)
 Metaspace       used 88674K, capacity 90938K, committed 91212K, reserved 1128448K
  class space    used 11199K, capacity 12016K, committed 12108K, reserved 1048576K
}
Event: 28.122 GC heap after
{Heap after GC invocations=14 (full 0):
 garbage-first heap   total 260096K, used 91951K [0x0000000080000000, 0x0000000100000000)
  region size 1024K, 6 young (6144K), 6 survivors (6144K)
 Metaspace       used 88674K, capacity 90938K, committed 91212K, reserved 1128448K
  class space    used 11199K, capacity 12016K, committed 12108K, reserved 1048576K
}
Event: 29.982 GC heap before
{Heap before GC invocations=14 (full 0):
 garbage-first heap   total 260096K, used 200495K [0x0000000080000000, 0x0000000100000000)
  region size 1024K, 113 young (115712K), 6 survivors (6144K)
 Metaspace       used 93447K, capacity 95787K, committed 96076K, reserved 1132544K
  class space    used 11749K, capacity 12578K, committed 12620K, reserved 1048576K
}
Event: 29.991 GC heap after
{Heap after GC invocations=15 (full 0):
 garbage-first heap   total 260096K, used 90629K [0x0000000080000000, 0x0000000100000000)
  region size 1024K, 5 young (5120K), 5 survivors (5120K)
 Metaspace       used 93447K, capacity 95787K, committed 96076K, reserved 1132544K
  class space    used 11749K, capacity 12578K, committed 12620K, reserved 1048576K
}
Event: 32.643 GC heap before
{Heap before GC invocations=15 (full 0):
 garbage-first heap   total 260096K, used 204293K [0x0000000080000000, 0x0000000100000000)
  region size 1024K, 115 young (117760K), 5 survivors (5120K)
 Metaspace       used 95559K, capacity 97972K, committed 98124K, reserved 1134592K
  class space    used 11970K, capacity 12854K, committed 12876K, reserved 1048576K
}
Event: 32.656 GC heap after
{Heap after GC invocations=16 (full 0):
 garbage-first heap   total 260096K, used 91951K [0x0000000080000000, 0x0000000100000000)
  region size 1024K, 6 young (6144K), 6 survivors (6144K)
 Metaspace       used 95559K, capacity 97972K, committed 98124K, reserved 1134592K
  class space    used 11970K, capacity 12854K, committed 12876K, reserved 1048576K
}

Deoptimization events (20 events):
Event: 33.220 Thread 0x0000015fe408c800 Uncommon trap: trap_request=0xffffffbe fr.pc=0x0000015fd28fdfec relative=0x000000000000092c
Event: 33.220 Thread 0x0000015fe408c000 Uncommon trap: trap_request=0xffffffbe fr.pc=0x0000015fd28fdfec relative=0x000000000000092c
Event: 33.220 Thread 0x0000015fe408c800 Uncommon trap: reason=profile_predicate action=maybe_recompile pc=0x0000015fd28fdfec method=com.android.tools.r8.graph.c0.a(Ljava/lang/String;)[B @ 9 c2
Event: 33.220 Thread 0x0000015fe408c800 DEOPT PACKING pc=0x0000015fd28fdfec sp=0x00000039867fa540
Event: 33.220 Thread 0x0000015fe408c800 DEOPT UNPACKING pc=0x0000015fca5683af sp=0x00000039867fa4f8 mode 2
Event: 33.220 Thread 0x0000015fe408f000 Uncommon trap: trap_request=0xffffffbe fr.pc=0x0000015fd28fdfec relative=0x000000000000092c
Event: 33.220 Thread 0x0000015fe408f000 Uncommon trap: reason=profile_predicate action=maybe_recompile pc=0x0000015fd28fdfec method=com.android.tools.r8.graph.c0.a(Ljava/lang/String;)[B @ 9 c2
Event: 33.221 Thread 0x0000015fe408f000 DEOPT PACKING pc=0x0000015fd28fdfec sp=0x00000039865fa590
Event: 33.221 Thread 0x0000015fe408f000 DEOPT UNPACKING pc=0x0000015fca5683af sp=0x00000039865fa548 mode 2
Event: 33.221 Thread 0x0000015fe408f000 Uncommon trap: trap_request=0xffffffbe fr.pc=0x0000015fd28fdfec relative=0x000000000000092c
Event: 33.221 Thread 0x0000015fe408f000 Uncommon trap: reason=profile_predicate action=maybe_recompile pc=0x0000015fd28fdfec method=com.android.tools.r8.graph.c0.a(Ljava/lang/String;)[B @ 9 c2
Event: 33.221 Thread 0x0000015fe408f000 DEOPT PACKING pc=0x0000015fd28fdfec sp=0x00000039865fa590
Event: 33.221 Thread 0x0000015fe408f000 DEOPT UNPACKING pc=0x0000015fca5683af sp=0x00000039865fa548 mode 2
Event: 33.221 Thread 0x0000015fe408f000 Uncommon trap: trap_request=0xffffffbe fr.pc=0x0000015fd28fdfec relative=0x000000000000092c
Event: 33.221 Thread 0x0000015fe408f000 Uncommon trap: reason=profile_predicate action=maybe_recompile pc=0x0000015fd28fdfec method=com.android.tools.r8.graph.c0.a(Ljava/lang/String;)[B @ 9 c2
Event: 33.221 Thread 0x0000015fe408f000 DEOPT PACKING pc=0x0000015fd28fdfec sp=0x00000039865fa5b0
Event: 33.221 Thread 0x0000015fe408f000 DEOPT UNPACKING pc=0x0000015fca5683af sp=0x00000039865fa568 mode 2
Event: 33.221 Thread 0x0000015fe408c000 Uncommon trap: reason=profile_predicate action=maybe_recompile pc=0x0000015fd28fdfec method=com.android.tools.r8.graph.c0.a(Ljava/lang/String;)[B @ 9 c2
Event: 33.221 Thread 0x0000015fe408c000 DEOPT PACKING pc=0x0000015fd28fdfec sp=0x00000039864fa070
Event: 33.222 Thread 0x0000015fe408c000 DEOPT UNPACKING pc=0x0000015fca5683af sp=0x00000039864fa028 mode 2

Classes redefined (0 events):
No events

Internal exceptions (20 events):
Event: 32.277 Thread 0x0000015fe4089800 Exception <a 'sun/nio/fs/WindowsException'{0x000000008988c948}> (0x000000008988c948) thrown at [./src/hotspot/share/prims/jni.cpp, line 615]
Event: 32.279 Thread 0x0000015fe4088800 Exception <a 'sun/nio/fs/WindowsException'{0x00000000898e59f0}> (0x00000000898e59f0) thrown at [./src/hotspot/share/prims/jni.cpp, line 615]
Event: 32.281 Thread 0x0000015fe408a000 Exception <a 'sun/nio/fs/WindowsException'{0x0000000089712370}> (0x0000000089712370) thrown at [./src/hotspot/share/prims/jni.cpp, line 615]
Event: 32.290 Thread 0x0000015fe408b000 Exception <a 'sun/nio/fs/WindowsException'{0x0000000089765a28}> (0x0000000089765a28) thrown at [./src/hotspot/share/prims/jni.cpp, line 615]
Event: 32.292 Thread 0x0000015fe408f000 Exception <a 'sun/nio/fs/WindowsException'{0x00000000898832a0}> (0x00000000898832a0) thrown at [./src/hotspot/share/prims/jni.cpp, line 615]
Event: 32.315 Thread 0x0000015fe408a000 Implicit null exception at 0x0000015fd28d29b7 to 0x0000015fd28d31fc
Event: 32.328 Thread 0x0000015fe408a000 Exception <a 'sun/nio/fs/WindowsException'{0x00000000897cda60}> (0x00000000897cda60) thrown at [./src/hotspot/share/prims/jni.cpp, line 615]
Event: 32.345 Thread 0x0000015fe408a000 Implicit null exception at 0x0000015fd28d79d2 to 0x0000015fd28d7dd8
Event: 32.360 Thread 0x0000015fe408e800 Exception <a 'sun/nio/fs/WindowsException'{0x000000008968a248}> (0x000000008968a248) thrown at [./src/hotspot/share/prims/jni.cpp, line 615]
Event: 32.360 Thread 0x0000015fe408c000 Exception <a 'sun/nio/fs/WindowsException'{0x0000000089501080}> (0x0000000089501080) thrown at [./src/hotspot/share/prims/jni.cpp, line 615]
Event: 32.363 Thread 0x0000015fe1ffe800 Exception <a 'sun/nio/fs/WindowsException'{0x0000000089697830}> (0x0000000089697830) thrown at [./src/hotspot/share/prims/jni.cpp, line 615]
Event: 32.365 Thread 0x0000015fe408c800 Exception <a 'sun/nio/fs/WindowsException'{0x00000000896ae640}> (0x00000000896ae640) thrown at [./src/hotspot/share/prims/jni.cpp, line 615]
Event: 32.410 Thread 0x0000015fe1ffe800 Exception <a 'sun/nio/fs/WindowsException'{0x00000000895d7c00}> (0x00000000895d7c00) thrown at [./src/hotspot/share/prims/jni.cpp, line 615]
Event: 32.475 Thread 0x0000015fe408c800 Exception <a 'sun/nio/fs/WindowsException'{0x000000008945fd90}> (0x000000008945fd90) thrown at [./src/hotspot/share/prims/jni.cpp, line 615]
Event: 32.975 Thread 0x0000015fe2004800 Exception <a 'sun/nio/fs/WindowsException'{0x000000008ec1ffc0}> (0x000000008ec1ffc0) thrown at [./src/hotspot/share/prims/jni.cpp, line 615]
Event: 32.976 Thread 0x0000015fe408c000 Exception <a 'sun/nio/fs/WindowsException'{0x000000008ee349a0}> (0x000000008ee349a0) thrown at [./src/hotspot/share/prims/jni.cpp, line 615]
Event: 32.977 Thread 0x0000015fe408c800 Exception <a 'sun/nio/fs/WindowsException'{0x000000008efd3520}> (0x000000008efd3520) thrown at [./src/hotspot/share/prims/jni.cpp, line 615]
Event: 32.986 Thread 0x0000015fe408f000 Exception <a 'sun/nio/fs/WindowsException'{0x000000008e915a88}> (0x000000008e915a88) thrown at [./src/hotspot/share/prims/jni.cpp, line 615]
Event: 33.055 Thread 0x0000015fe408a000 Exception <a 'sun/nio/fs/WindowsException'{0x000000008e223a78}> (0x000000008e223a78) thrown at [./src/hotspot/share/prims/jni.cpp, line 615]
Event: 33.250 Thread 0x0000015fe4089800 Exception <a 'sun/nio/fs/WindowsException'{0x000000008c7626d8}> (0x000000008c7626d8) thrown at [./src/hotspot/share/prims/jni.cpp, line 615]

Events (20 events):
Event: 33.229 loading class com/android/tools/r8/graph/T$P
Event: 33.229 loading class com/android/tools/r8/graph/T$P done
Event: 33.230 loading class com/android/tools/r8/graph/T$S
Event: 33.230 loading class com/android/tools/r8/graph/T$S done
Event: 33.232 loading class com/android/tools/r8/graph/T$T
Event: 33.232 loading class com/android/tools/r8/graph/T$T done
Event: 33.233 loading class com/android/tools/r8/graph/T$p
Event: 33.233 loading class com/android/tools/r8/graph/T$p done
Event: 33.234 loading class com/android/tools/r8/graph/T$U
Event: 33.234 loading class com/android/tools/r8/graph/T$U done
Event: 33.234 loading class com/android/tools/r8/graph/T$h
Event: 33.234 loading class com/android/tools/r8/graph/T$h done
Event: 33.235 loading class com/android/tools/r8/graph/T$n
Event: 33.235 loading class com/android/tools/r8/graph/T$n done
Event: 33.243 loading class com/android/tools/r8/graph/T$o
Event: 33.243 loading class com/android/tools/r8/graph/T$o done
Event: 33.244 loading class com/android/tools/r8/graph/T$q
Event: 33.244 loading class com/android/tools/r8/graph/T$q done
Event: 33.247 loading class com/android/tools/r8/graph/b
Event: 33.247 loading class com/android/tools/r8/graph/b done


Dynamic libraries:
0x00007ff7ee8a0000 - 0x00007ff7ee8aa000 	C:\Program Files\Android\Android Studio\jre\bin\java.exe
0x00007ffb0c890000 - 0x00007ffb0ca85000 	C:\Windows\SYSTEM32\ntdll.dll
0x00007ffb0b3f0000 - 0x00007ffb0b4ae000 	C:\Windows\System32\KERNEL32.DLL
0x00007ffb0a280000 - 0x00007ffb0a548000 	C:\Windows\System32\KERNELBASE.dll
0x00007ffb0a180000 - 0x00007ffb0a280000 	C:\Windows\System32\ucrtbase.dll
0x00007ffaf45d0000 - 0x00007ffaf45e9000 	C:\Program Files\Android\Android Studio\jre\bin\jli.dll
0x00007ffaf45b0000 - 0x00007ffaf45c7000 	C:\Program Files\Android\Android Studio\jre\bin\VCRUNTIME140.dll
0x00007ffb0a8e0000 - 0x00007ffb0aa81000 	C:\Windows\System32\USER32.dll
0x00007ffb0a040000 - 0x00007ffb0a062000 	C:\Windows\System32\win32u.dll
0x00007ffaef0a0000 - 0x00007ffaef33a000 	C:\Windows\WinSxS\amd64_microsoft.windows.common-controls_6595b64144ccf1df_6.0.19041.1110_none_60b5254171f9507e\COMCTL32.dll
0x00007ffb0c480000 - 0x00007ffb0c4ab000 	C:\Windows\System32\GDI32.dll
0x00007ffb0a070000 - 0x00007ffb0a17b000 	C:\Windows\System32\gdi32full.dll
0x00007ffb0ae30000 - 0x00007ffb0aece000 	C:\Windows\System32\msvcrt.dll
0x00007ffb0a760000 - 0x00007ffb0a7fd000 	C:\Windows\System32\msvcp_win.dll
0x00007ffb0c2e0000 - 0x00007ffb0c310000 	C:\Windows\System32\IMM32.DLL
0x00007ffac1980000 - 0x00007ffac1a1d000 	C:\Program Files\Android\Android Studio\jre\bin\msvcp140.dll
0x00007ffab1ec0000 - 0x00007ffab298f000 	C:\Program Files\Android\Android Studio\jre\bin\server\jvm.dll
0x00007ffb0c7a0000 - 0x00007ffb0c84c000 	C:\Windows\System32\ADVAPI32.dll
0x00007ffb0ad90000 - 0x00007ffb0ae2b000 	C:\Windows\System32\sechost.dll
0x00007ffb0b930000 - 0x00007ffb0ba5a000 	C:\Windows\System32\RPCRT4.dll
0x00007ffb0aed0000 - 0x00007ffb0aed8000 	C:\Windows\System32\PSAPI.DLL
0x00007ffaece60000 - 0x00007ffaece87000 	C:\Windows\SYSTEM32\WINMM.dll
0x00007ffb02b90000 - 0x00007ffb02b9a000 	C:\Windows\SYSTEM32\VERSION.dll
0x00007ffae3990000 - 0x00007ffae3999000 	C:\Windows\SYSTEM32\WSOCK32.dll
0x00007ffb0c730000 - 0x00007ffb0c79b000 	C:\Windows\System32\WS2_32.dll
0x00007ffb08860000 - 0x00007ffb08872000 	C:\Windows\SYSTEM32\kernel.appcore.dll
0x00007ffb05030000 - 0x00007ffb05041000 	C:\Program Files\Android\Android Studio\jre\bin\verify.dll
0x00007ffb07db0000 - 0x00007ffb07f94000 	C:\Windows\SYSTEM32\DBGHELP.DLL
0x00007ffaea4a0000 - 0x00007ffaea4cc000 	C:\Windows\SYSTEM32\dbgcore.DLL
0x00007ffb09fb0000 - 0x00007ffb0a033000 	C:\Windows\System32\bcryptPrimitives.dll
0x00007ffb03290000 - 0x00007ffb032b9000 	C:\Program Files\Android\Android Studio\jre\bin\java.dll
0x00007ffb05020000 - 0x00007ffb0502b000 	C:\Program Files\Android\Android Studio\jre\bin\jimage.dll
0x00007ffb03240000 - 0x00007ffb03258000 	C:\Program Files\Android\Android Studio\jre\bin\zip.dll
0x00007ffb0bba0000 - 0x00007ffb0c2df000 	C:\Windows\System32\SHELL32.dll
0x00007ffb07fa0000 - 0x00007ffb08730000 	C:\Windows\SYSTEM32\windows.storage.dll
0x00007ffb0b090000 - 0x00007ffb0b3e5000 	C:\Windows\System32\combase.dll
0x00007ffb09a00000 - 0x00007ffb09a2e000 	C:\Windows\SYSTEM32\Wldp.dll
0x00007ffb0aa90000 - 0x00007ffb0ab3d000 	C:\Windows\System32\SHCORE.dll
0x00007ffb0c420000 - 0x00007ffb0c475000 	C:\Windows\System32\shlwapi.dll
0x00007ffb09ef0000 - 0x00007ffb09f0f000 	C:\Windows\SYSTEM32\profapi.dll
0x00007ffaf6830000 - 0x00007ffaf684a000 	C:\Program Files\Android\Android Studio\jre\bin\net.dll
0x00007ffafe3b0000 - 0x00007ffafe4bc000 	C:\Windows\SYSTEM32\WINHTTP.dll
0x00007ffb09760000 - 0x00007ffb097ca000 	C:\Windows\system32\mswsock.dll
0x00007ffaf50e0000 - 0x00007ffaf50f4000 	C:\Program Files\Android\Android Studio\jre\bin\nio.dll
0x00007ffaed860000 - 0x00007ffaed887000 	C:\Users\hp\.gradle\native\8bec1ad78214c89d9ad589b4d07fe93259594b29d510b10fafb7a158f7737e5d\windows-amd64\native-platform.dll
0x00007ffab29e0000 - 0x00007ffab2b1d000 	C:\Users\hp\.gradle\native\53dbd7edfb1c66fb8903c78663c9afc45aea4f116125fa6feffd364cf09443e8\windows-amd64\native-platform-file-events.dll
0x00007ffb05010000 - 0x00007ffb0501a000 	C:\Program Files\Android\Android Studio\jre\bin\management.dll
0x00007ffb04ff0000 - 0x00007ffb04ffc000 	C:\Program Files\Android\Android Studio\jre\bin\management_ext.dll
0x00007ffb09950000 - 0x00007ffb09968000 	C:\Windows\SYSTEM32\CRYPTSP.dll
0x00007ffb09010000 - 0x00007ffb09044000 	C:\Windows\system32\rsaenh.dll
0x00007ffb0a860000 - 0x00007ffb0a887000 	C:\Windows\System32\bcrypt.dll
0x00007ffb09e70000 - 0x00007ffb09e9e000 	C:\Windows\SYSTEM32\USERENV.dll
0x00007ffb09970000 - 0x00007ffb0997c000 	C:\Windows\SYSTEM32\CRYPTBASE.dll
0x00007ffb09400000 - 0x00007ffb0943b000 	C:\Windows\SYSTEM32\IPHLPAPI.DLL
0x00007ffb0c560000 - 0x00007ffb0c568000 	C:\Windows\System32\NSI.dll
0x00007ffb027e0000 - 0x00007ffb027f7000 	C:\Windows\SYSTEM32\dhcpcsvc6.DLL
0x00007ffb027c0000 - 0x00007ffb027dd000 	C:\Windows\SYSTEM32\dhcpcsvc.DLL
0x00007ffb09440000 - 0x00007ffb0950b000 	C:\Windows\SYSTEM32\DNSAPI.dll

dbghelp: loaded successfully - version: 4.0.5 - missing functions: none
symbol engine: initialized successfully - sym options: 0x614 - pdb path: .;C:\Program Files\Android\Android Studio\jre\bin;C:\Windows\SYSTEM32;C:\Windows\WinSxS\amd64_microsoft.windows.common-controls_6595b64144ccf1df_6.0.19041.1110_none_60b5254171f9507e;C:\Program Files\Android\Android Studio\jre\bin\server;C:\Users\hp\.gradle\native\8bec1ad78214c89d9ad589b4d07fe93259594b29d510b10fafb7a158f7737e5d\windows-amd64;C:\Users\hp\.gradle\native\53dbd7edfb1c66fb8903c78663c9afc45aea4f116125fa6feffd364cf09443e8\windows-amd64

VM Arguments:
jvm_args: --add-opens=java.base/java.util=ALL-UNNAMED --add-opens=java.base/java.lang=ALL-UNNAMED --add-opens=java.base/java.lang.invoke=ALL-UNNAMED --add-opens=java.base/java.util=ALL-UNNAMED --add-opens=java.prefs/java.util.prefs=ALL-UNNAMED --add-opens=java.prefs/java.util.prefs=ALL-UNNAMED --add-opens=java.base/java.nio.charset=ALL-UNNAMED --add-opens=java.base/java.net=ALL-UNNAMED --add-opens=java.base/java.util.concurrent.atomic=ALL-UNNAMED -Xmx2048m -Dfile.encoding=UTF-8 -Duser.country=US -Duser.language=en -Duser.variant 
java_command: org.gradle.launcher.daemon.bootstrap.GradleDaemon 7.0.2
java_class_path (initial): C:\Users\hp\.gradle\wrapper\dists\gradle-7.0.2-bin\857tjihv64xamwrf0h14cai3r\gradle-7.0.2\lib\gradle-launcher-7.0.2.jar
Launcher Type: SUN_STANDARD

[Global flags]
     intx CICompilerCount                          = 4                                         {product} {ergonomic}
     uint ConcGCThreads                            = 2                                         {product} {ergonomic}
     uint G1ConcRefinementThreads                  = 8                                         {product} {ergonomic}
   size_t G1HeapRegionSize                         = 1048576                                   {product} {ergonomic}
    uintx GCDrainStackTargetSize                   = 64                                        {product} {ergonomic}
   size_t InitialHeapSize                          = 266338304                                 {product} {ergonomic}
   size_t MarkStackSize                            = 4194304                                   {product} {ergonomic}
   size_t MaxHeapSize                              = 2147483648                                {product} {command line}
   size_t MaxNewSize                               = 1287651328                                {product} {ergonomic}
   size_t MinHeapDeltaBytes                        = 1048576                                   {product} {ergonomic}
    uintx NonNMethodCodeHeapSize                   = 5836300                                {pd product} {ergonomic}
    uintx NonProfiledCodeHeapSize                  = 122910970                              {pd product} {ergonomic}
    uintx ProfiledCodeHeapSize                     = 122910970                              {pd product} {ergonomic}
    uintx ReservedCodeCacheSize                    = 251658240                              {pd product} {ergonomic}
     bool SegmentedCodeCache                       = true                                      {product} {ergonomic}
     bool UseCompressedClassPointers               = true                                 {lp64_product} {ergonomic}
     bool UseCompressedOops                        = true                                 {lp64_product} {ergonomic}
     bool UseG1GC                                  = true                                      {product} {ergonomic}
     bool UseLargePagesIndividualAllocation        = false                                  {pd product} {ergonomic}

Logging:
Log output configuration:
 #0: stdout all=warning uptime,level,tags
 #1: stderr all=off uptime,level,tags

Environment Variables:
JAVA_HOME=C:\Program Files\Java\jdk1.8.0_202
PATH=C:\Program Files (x86)\Common Files\Oracle\Java\javapath;C:\Program Files\Common Files\Oracle\Java\javapath;C:\Program Files\Microsoft MPI\Bin\;C:\Program Files (x86)\Common Files\Intel\Shared Libraries\redist\intel64\compiler;C:\oraclexe\app\oracle\product\11.2.0\server\bin;C:\Windows\system32;C:\Windows;C:\Windows\System32\Wbem;C:\Windows\System32\WindowsPowerShell\v1.0\;C:\Windows\System32\OpenSSH\;C:\Program Files\dotnet\;C:\Program Files\Microsoft SQL Server\130\Tools\Binn\;C:\Program Files (x86)\QuickTime\QTSystem\;C:\Program Files\Microsoft SQL Server\Client SDK\ODBC\170\Tools\Binn\;C:\Program Files (x86)\Microsoft SQL Server\150\Tools\Binn\;C:\Program Files\Microsoft SQL Server\150\Tools\Binn\;C:\Program Files\Microsoft SQL Server\150\DTS\Binn\;C:\Program Files (x86)\Microsoft SQL Server\150\DTS\Binn\;C:\Program Files\Azure Data Studio\bin;C:\Program Files\nodejs\;C:\Program Files\Git\cmd;C:\Program Files (x86)\Java\apache-maven-3.8.2\bin;C:\Program Files\Java\jdk1.8.0_202\bin;C:\Users\hp\AppData\Local\Microsoft\WindowsApps;C:\Users\hp\.dotnet\tools;C:\Program Files\Azure Data Studio\bin;C:\Users\hp\AppData\Local\Programs\Microsoft VS Code\bin;C:\Users\hp\AppData\Roaming\npm;C:\Users\hp\AppData\Local\GitHubDesktop\bin;C:\Program Files\JetBrains\IntelliJ IDEA 2021.2\bin;;
USERNAME=Rodriguez
OS=Windows_NT
PROCESSOR_IDENTIFIER=Intel64 Family 6 Model 126 Stepping 5, GenuineIntel



---------------  S Y S T E M  ---------------

OS: Windows 10 , 64 bit Build 19041 (10.0.19041.1348)
OS uptime: 1 days 1:26 hours

CPU:total 8 (initial active 8) (4 cores per cpu, 2 threads per core) family 6 model 126 stepping 5 microcode 0x96, cmov, cx8, fxsr, mmx, sse, sse2, sse3, ssse3, sse4.1, sse4.2, popcnt, avx, avx2, aes, clmul, erms, 3dnowpref, lzcnt, ht, tsc, tscinvbit, bmi1, bmi2, adx, evex, sha, fma

Memory: 4k page, system-wide physical 16165M (2648M free)
TotalPageFile size 16165M (AvailPageFile size 19M)
current process WorkingSet (physical memory assigned to process): 565M, peak: 577M
current process commit charge ("private bytes"): 625M, peak: 645M

vm_info: OpenJDK 64-Bit Server VM (11.0.10+0-b96-7249189) for windows-amd64 JRE (11.0.10+0-b96-7249189), built on Mar 31 2021 21:44:00 by "builder" with MS VC++ 14.0 (VS2015)

END.
